#
# There is insufficient memory for the Java Runtime Environment to continue.
# Native memory allocation (mmap) failed to map 25165824 bytes. Error detail: G1 virtual space
# Possible reasons:
#   The system is out of physical RAM or swap space
#   This process is running with CompressedOops enabled, and the Java Heap may be blocking the growth of the native heap
# Possible solutions:
#   Reduce memory load on the system
#   Increase physical memory or swap space
#   Check if swap backing store is full
#   Decrease Java heap size (-Xmx/-Xms)
#   Decrease number of Java threads
#   Decrease Java thread stack sizes (-Xss)
#   Set larger code cache with -XX:ReservedCodeCacheSize=
#   JVM is running with Unscaled Compressed Oops mode in which the Java heap is
#     placed in the first 4GB address space. The Java Heap base address is the
#     maximum limit for the native heap growth. Please use -XX:HeapBaseMinAddress
#     to set the Java Heap base and to place the Java Heap above 4GB virtual address.
# This output file may be truncated or incomplete.
#
#  Out of Memory Error (os_windows.cpp:3925), pid=13588, tid=6912
#
# JRE version: OpenJDK Runtime Environment (21.0.9) (build 21.0.9+-14787801-b1163.94)
# Java VM: OpenJDK 64-Bit Server VM (21.0.9+-14787801-b1163.94, mixed mode, tiered, compressed oops, compressed class ptrs, g1 gc, windows-amd64)
# No core dump will be written. Minidumps are not enabled by default on client versions of Windows
#

---------------  S U M M A R Y ------------

Command Line: org.jetbrains.kotlin.cli.jvm.K2JVMCompiler @D:\College\Graduation Project\DEMO-MALLAR1\app\build\20260411_8946458315895825280.compiler.options

Host: 13th Gen Intel(R) Core(TM) i5-1335U, 12 cores, 7G,  Windows 11 , 64 bit Build 26100 (10.0.26100.7920)
Time: Sat Apr 11 23:57:43 2026 Egypt Standard Time elapsed time: 33.785708 seconds (0d 0h 0m 33s)

---------------  T H R E A D  ---------------

Current thread (0x0000024b00c9e2b0):  VMThread "VM Thread"          [id=6912, stack(0x000000d427600000,0x000000d427700000) (1024K)]

Stack: [0x000000d427600000,0x000000d427700000]
Native frames: (J=compiled Java code, j=interpreted, Vv=VM code, C=native code)
V  [jvm.dll+0x6d6c99]
V  [jvm.dll+0x866b83]
V  [jvm.dll+0x8691ae]
V  [jvm.dll+0x869893]
V  [jvm.dll+0x280776]
V  [jvm.dll+0x6d3555]
V  [jvm.dll+0x6c6bea]
V  [jvm.dll+0x3587fb]
V  [jvm.dll+0x360476]
V  [jvm.dll+0x3b2646]
V  [jvm.dll+0x3b2918]
V  [jvm.dll+0x32af0c]
V  [jvm.dll+0x32d916]
V  [jvm.dll+0x3377ed]
V  [jvm.dll+0x36ef55]
V  [jvm.dll+0x86f618]
V  [jvm.dll+0x870994]
V  [jvm.dll+0x870ed0]
V  [jvm.dll+0x871163]
V  [jvm.dll+0x80f118]
V  [jvm.dll+0x6d54ed]
C  [ucrtbase.dll+0x37b0]
C  [KERNEL32.DLL+0x2e8d7]
C  [ntdll.dll+0x8c48c]

VM_Operation (0x000000d4271ff690): G1PauseRemark, mode: safepoint, requested by thread 0x0000024b6929e620


---------------  P R O C E S S  ---------------

Threads class SMR info:
_java_thread_list=0x0000024b13cf3cd0, length=13, elements={
0x0000024b66de4300, 0x0000024b05060860, 0x0000024b05066130, 0x0000024b05066b90,
0x0000024b050a1010, 0x0000024b050a2a80, 0x0000024b050a4050, 0x0000024b050a5620,
0x0000024b050a7a90, 0x0000024b050b2500, 0x0000024b052483f0, 0x0000024b090a95c0,
0x0000024b090ad9e0
}

Java Threads: ( => current thread )
  0x0000024b66de4300 JavaThread "main"                              [_thread_blocked, id=13740, stack(0x000000d426f00000,0x000000d427000000) (1024K)]
  0x0000024b05060860 JavaThread "Common-Cleaner"             daemon [_thread_blocked, id=10972, stack(0x000000d427700000,0x000000d427800000) (1024K)]
  0x0000024b05066130 JavaThread "Reference Handler"          daemon [_thread_blocked, id=15212, stack(0x000000d427800000,0x000000d427900000) (1024K)]
  0x0000024b05066b90 JavaThread "Finalizer"                  daemon [_thread_blocked, id=13472, stack(0x000000d427900000,0x000000d427a00000) (1024K)]
  0x0000024b050a1010 JavaThread "Signal Dispatcher"          daemon [_thread_blocked, id=10444, stack(0x000000d427a00000,0x000000d427b00000) (1024K)]
  0x0000024b050a2a80 JavaThread "Attach Listener"            daemon [_thread_blocked, id=17380, stack(0x000000d427b00000,0x000000d427c00000) (1024K)]
  0x0000024b050a4050 JavaThread "Service Thread"             daemon [_thread_blocked, id=13252, stack(0x000000d427c00000,0x000000d427d00000) (1024K)]
  0x0000024b050a5620 JavaThread "Monitor Deflation Thread"   daemon [_thread_blocked, id=7812, stack(0x000000d427d00000,0x000000d427e00000) (1024K)]
  0x0000024b050a7a90 JavaThread "C2 CompilerThread0"         daemon [_thread_blocked, id=6788, stack(0x000000d427e00000,0x000000d427f00000) (1024K)]
  0x0000024b050b2500 JavaThread "C1 CompilerThread0"         daemon [_thread_blocked, id=15304, stack(0x000000d427f00000,0x000000d428000000) (1024K)]
  0x0000024b052483f0 JavaThread "Notification Thread"        daemon [_thread_blocked, id=11452, stack(0x000000d428000000,0x000000d428100000) (1024K)]
  0x0000024b090a95c0 JavaThread "C2 CompilerThread1"         daemon [_thread_blocked, id=16172, stack(0x000000d428100000,0x000000d428200000) (1024K)]
  0x0000024b090ad9e0 JavaThread "C2 CompilerThread2"         daemon [_thread_blocked, id=6304, stack(0x000000d428d00000,0x000000d428e00000) (1024K)]
Total: 13

Other Threads:
=>0x0000024b00c9e2b0 VMThread "VM Thread"                           [id=6912, stack(0x000000d427600000,0x000000d427700000) (1024K)]
  0x0000024b00c1d490 WatcherThread "VM Periodic Task Thread"        [id=7416, stack(0x000000d427500000,0x000000d427600000) (1024K)]
  0x0000024b6928d9b0 WorkerThread "GC Thread#0"                     [id=14168, stack(0x000000d427000000,0x000000d427100000) (1024K)]
  0x0000024b05a4b160 WorkerThread "GC Thread#1"                     [id=16964, stack(0x000000d428200000,0x000000d428300000) (1024K)]
  0x0000024b059f3940 WorkerThread "GC Thread#2"                     [id=4364, stack(0x000000d428300000,0x000000d428400000) (1024K)]
  0x0000024b059f3ce0 WorkerThread "GC Thread#3"                     [id=13240, stack(0x000000d428400000,0x000000d428500000) (1024K)]
  0x0000024b059f4080 WorkerThread "GC Thread#4"                     [id=696, stack(0x000000d428500000,0x000000d428600000) (1024K)]
  0x0000024b059f4420 WorkerThread "GC Thread#5"                     [id=5212, stack(0x000000d428600000,0x000000d428700000) (1024K)]
  0x0000024b05a9bc80 WorkerThread "GC Thread#6"                     [id=13308, stack(0x000000d428700000,0x000000d428800000) (1024K)]
  0x0000024b05a9b540 WorkerThread "GC Thread#7"                     [id=12996, stack(0x000000d428a00000,0x000000d428b00000) (1024K)]
  0x0000024b0620a080 WorkerThread "GC Thread#8"                     [id=8528, stack(0x000000d428b00000,0x000000d428c00000) (1024K)]
  0x0000024b06208ac0 WorkerThread "GC Thread#9"                     [id=15520, stack(0x000000d428c00000,0x000000d428d00000) (1024K)]
  0x0000024b6929e620 ConcurrentGCThread "G1 Main Marker"            [id=408, stack(0x000000d427100000,0x000000d427200000) (1024K)]
  0x0000024b6929ff70 WorkerThread "G1 Conc#0"                       [id=6104, stack(0x000000d427200000,0x000000d427300000) (1024K)]
  0x0000024b05a9c020 WorkerThread "G1 Conc#1"                       [id=8536, stack(0x000000d428800000,0x000000d428900000) (1024K)]
  0x0000024b05a9c3c0 WorkerThread "G1 Conc#2"                       [id=15940, stack(0x000000d428900000,0x000000d428a00000) (1024K)]
  0x0000024b00aec540 ConcurrentGCThread "G1 Refine#0"               [id=16768, stack(0x000000d427300000,0x000000d427400000) (1024K)]
  0x0000024b00aefe70 ConcurrentGCThread "G1 Service"                [id=16568, stack(0x000000d427400000,0x000000d427500000) (1024K)]
Total: 18

Threads with active compile tasks:
C2 CompilerThread0  33837 20241       4       org.jetbrains.kotlin.codegen.optimization.OptimizationMethodVisitor$Companion::countInsnsWithFramesUntil (94 bytes)
C2 CompilerThread1  33837 20240 %     4       org.jetbrains.kotlin.codegen.optimization.boxing.StackPeepholeOptimizationsTransformer::transformOnce @ 25 (542 bytes)
C2 CompilerThread2  33838 20231 %     4       org.jetbrains.kotlin.codegen.optimization.ConstantConditionEliminationMethodTransformer$ConstantConditionsOptimization::collectRewriteActions @ 70 (262 bytes)
Total: 3

VM state: at safepoint (normal execution)

VM Mutex/Monitor currently owned by a thread:  ([mutex/lock_event])
[0x00007ffc09a38690] Threads_lock - owner thread: 0x0000024b00c9e2b0
[0x00007ffc09a38790] Heap_lock - owner thread: 0x0000024b6929e620

Heap address: 0x0000000085c00000, size: 1956 MB, Compressed Oops mode: 32-bit

CDS archive(s) not mapped
Compressed class space mapped at: 0x0000000100000000-0x0000000140000000, reserved size: 1073741824
Narrow klass base: 0x0000000000000000, Narrow klass shift: 3, Narrow klass range: 0x140000000

GC Precious Log:
 CardTable entry size: 512
 Card Set container configuration: InlinePtr #cards 5 size 8 Array Of Cards #cards 12 size 40 Howl #buckets 4 coarsen threshold 1843 Howl Bitmap #cards 512 size 80 coarsen threshold 460 Card regions per heap region 1 cards per card region 2048
 CPUs: 12 total, 12 available
 Memory: 7817M
 Large Page Support: Disabled
 NUMA Support: Disabled
 Compressed Oops: Enabled (32-bit)
 Heap Region Size: 1M
 Heap Min Capacity: 8M
 Heap Initial Capacity: 124M
 Heap Max Capacity: 1956M
 Pre-touch: Disabled
 Parallel Workers: 10
 Concurrent Workers: 3
 Concurrent Refinement Workers: 10
 Periodic GC: Disabled

Heap:
 garbage-first heap   total 286720K, used 199623K [0x0000000085c00000, 0x0000000100000000)
  region size 1024K, 25 young (25600K), 11 survivors (11264K)
 Metaspace       used 98132K, committed 98560K, reserved 1179648K
  class space    used 10142K, committed 10304K, reserved 1048576K

Heap Regions: E=young(eden), S=young(survivor), O=old, HS=humongous(starts), HC=humongous(continues), CS=collection set, F=free, TAMS=top-at-mark-start, PB=parsable bottom
|   0|0x0000000085c00000, 0x0000000085d00000, 0x0000000085d00000|100%|HS|  |TAMS 0x0000000085d00000| PB 0x0000000085c00000| Complete 
|   1|0x0000000085d00000, 0x0000000085e00000, 0x0000000085e00000|100%|HC|  |TAMS 0x0000000085e00000| PB 0x0000000085d00000| Complete 
|   2|0x0000000085e00000, 0x0000000085f00000, 0x0000000085f00000|100%|HC|  |TAMS 0x0000000085f00000| PB 0x0000000085e00000| Complete 
|   3|0x0000000085f00000, 0x0000000086000000, 0x0000000086000000|100%| O|  |TAMS 0x0000000086000000| PB 0x0000000086000000| Untracked 
|   4|0x0000000086000000, 0x0000000086100000, 0x0000000086100000|100%| O|  |TAMS 0x0000000086100000| PB 0x0000000086100000| Untracked 
|   5|0x0000000086100000, 0x00000000861f1e00, 0x0000000086200000| 94%| O|  |TAMS 0x00000000861f1e00| PB 0x00000000861f1e00| Updating 
|   6|0x0000000086200000, 0x0000000086300000, 0x0000000086300000|100%| O|  |TAMS 0x0000000086300000| PB 0x0000000086300000| Untracked 
|   7|0x0000000086300000, 0x0000000086400000, 0x0000000086400000|100%| O|  |TAMS 0x0000000086400000| PB 0x0000000086400000| Untracked 
|   8|0x0000000086400000, 0x0000000086500000, 0x0000000086500000|100%| O|  |TAMS 0x0000000086500000| PB 0x0000000086500000| Untracked 
|   9|0x0000000086500000, 0x0000000086600000, 0x0000000086600000|100%| O|  |TAMS 0x0000000086600000| PB 0x0000000086600000| Untracked 
|  10|0x0000000086600000, 0x0000000086700000, 0x0000000086700000|100%| O|  |TAMS 0x0000000086700000| PB 0x0000000086700000| Updating 
|  11|0x0000000086700000, 0x0000000086800000, 0x0000000086800000|100%| O|  |TAMS 0x0000000086800000| PB 0x0000000086800000| Untracked 
|  12|0x0000000086800000, 0x0000000086900000, 0x0000000086900000|100%| O|  |TAMS 0x0000000086900000| PB 0x0000000086900000| Untracked 
|  13|0x0000000086900000, 0x0000000086a00000, 0x0000000086a00000|100%| O|  |TAMS 0x0000000086a00000| PB 0x0000000086a00000| Untracked 
|  14|0x0000000086a00000, 0x0000000086b00000, 0x0000000086b00000|100%| O|  |TAMS 0x0000000086b00000| PB 0x0000000086b00000| Untracked 
|  15|0x0000000086b00000, 0x0000000086c00000, 0x0000000086c00000|100%| O|  |TAMS 0x0000000086c00000| PB 0x0000000086c00000| Updating 
|  16|0x0000000086c00000, 0x0000000086d00000, 0x0000000086d00000|100%| O|  |TAMS 0x0000000086d00000| PB 0x0000000086d00000| Untracked 
|  17|0x0000000086d00000, 0x0000000086e00000, 0x0000000086e00000|100%| O|  |TAMS 0x0000000086e00000| PB 0x0000000086e00000| Updating 
|  18|0x0000000086e00000, 0x0000000086f00000, 0x0000000086f00000|100%| O|  |TAMS 0x0000000086f00000| PB 0x0000000086f00000| Updating 
|  19|0x0000000086f00000, 0x0000000087000000, 0x0000000087000000|100%| O|  |TAMS 0x0000000087000000| PB 0x0000000087000000| Untracked 
|  20|0x0000000087000000, 0x0000000087100000, 0x0000000087100000|100%| O|  |TAMS 0x0000000087100000| PB 0x0000000087100000| Updating 
|  21|0x0000000087100000, 0x0000000087200000, 0x0000000087200000|100%| O|  |TAMS 0x0000000087200000| PB 0x0000000087200000| Untracked 
|  22|0x0000000087200000, 0x0000000087300000, 0x0000000087300000|100%| O|  |TAMS 0x0000000087300000| PB 0x0000000087300000| Updating 
|  23|0x0000000087300000, 0x0000000087400000, 0x0000000087400000|100%| O|  |TAMS 0x0000000087400000| PB 0x0000000087400000| Untracked 
|  24|0x0000000087400000, 0x0000000087500000, 0x0000000087500000|100%| O|  |TAMS 0x0000000087500000| PB 0x0000000087500000| Untracked 
|  25|0x0000000087500000, 0x0000000087600000, 0x0000000087600000|100%| O|  |TAMS 0x0000000087600000| PB 0x0000000087600000| Updating 
|  26|0x0000000087600000, 0x0000000087700000, 0x0000000087700000|100%| O|  |TAMS 0x0000000087700000| PB 0x0000000087700000| Untracked 
|  27|0x0000000087700000, 0x0000000087800000, 0x0000000087800000|100%| O|  |TAMS 0x0000000087800000| PB 0x0000000087800000| Untracked 
|  28|0x0000000087800000, 0x0000000087900000, 0x0000000087900000|100%| O|  |TAMS 0x0000000087900000| PB 0x0000000087900000| Untracked 
|  29|0x0000000087900000, 0x0000000087a00000, 0x0000000087a00000|100%| O|  |TAMS 0x0000000087a00000| PB 0x0000000087a00000| Untracked 
|  30|0x0000000087a00000, 0x0000000087b00000, 0x0000000087b00000|100%| O|  |TAMS 0x0000000087b00000| PB 0x0000000087b00000| Untracked 
|  31|0x0000000087b00000, 0x0000000087c00000, 0x0000000087c00000|100%| O|  |TAMS 0x0000000087c00000| PB 0x0000000087c00000| Untracked 
|  32|0x0000000087c00000, 0x0000000087d00000, 0x0000000087d00000|100%| O|  |TAMS 0x0000000087d00000| PB 0x0000000087d00000| Untracked 
|  33|0x0000000087d00000, 0x0000000087e00000, 0x0000000087e00000|100%| O|  |TAMS 0x0000000087e00000| PB 0x0000000087e00000| Untracked 
|  34|0x0000000087e00000, 0x0000000087f00000, 0x0000000087f00000|100%| O|  |TAMS 0x0000000087f00000| PB 0x0000000087f00000| Updating 
|  35|0x0000000087f00000, 0x0000000088000000, 0x0000000088000000|100%| O|  |TAMS 0x0000000088000000| PB 0x0000000088000000| Untracked 
|  36|0x0000000088000000, 0x0000000088100000, 0x0000000088100000|100%| O|  |TAMS 0x0000000088100000| PB 0x0000000088100000| Updating 
|  37|0x0000000088100000, 0x0000000088200000, 0x0000000088200000|100%| O|  |TAMS 0x0000000088200000| PB 0x0000000088200000| Updating 
|  38|0x0000000088200000, 0x0000000088300000, 0x0000000088300000|100%| O|  |TAMS 0x0000000088300000| PB 0x0000000088300000| Untracked 
|  39|0x0000000088300000, 0x0000000088400000, 0x0000000088400000|100%| O|  |TAMS 0x0000000088400000| PB 0x0000000088400000| Untracked 
|  40|0x0000000088400000, 0x0000000088500000, 0x0000000088500000|100%| O|  |TAMS 0x0000000088500000| PB 0x0000000088500000| Untracked 
|  41|0x0000000088500000, 0x0000000088600000, 0x0000000088600000|100%| O|  |TAMS 0x0000000088600000| PB 0x0000000088600000| Untracked 
|  42|0x0000000088600000, 0x0000000088700000, 0x0000000088700000|100%| O|  |TAMS 0x0000000088700000| PB 0x0000000088700000| Untracked 
|  43|0x0000000088700000, 0x0000000088800000, 0x0000000088800000|100%| O|  |TAMS 0x0000000088800000| PB 0x0000000088800000| Updating 
|  44|0x0000000088800000, 0x0000000088900000, 0x0000000088900000|100%| O|  |TAMS 0x0000000088900000| PB 0x0000000088900000| Untracked 
|  45|0x0000000088900000, 0x0000000088a00000, 0x0000000088a00000|100%| O|  |TAMS 0x0000000088a00000| PB 0x0000000088a00000| Untracked 
|  46|0x0000000088a00000, 0x0000000088b00000, 0x0000000088b00000|100%| O|  |TAMS 0x0000000088b00000| PB 0x0000000088b00000| Untracked 
|  47|0x0000000088b00000, 0x0000000088c00000, 0x0000000088c00000|100%| O|  |TAMS 0x0000000088c00000| PB 0x0000000088c00000| Untracked 
|  48|0x0000000088c00000, 0x0000000088d00000, 0x0000000088d00000|100%| O|  |TAMS 0x0000000088d00000| PB 0x0000000088d00000| Untracked 
|  49|0x0000000088d00000, 0x0000000088e00000, 0x0000000088e00000|100%| O|  |TAMS 0x0000000088e00000| PB 0x0000000088e00000| Untracked 
|  50|0x0000000088e00000, 0x0000000088f00000, 0x0000000088f00000|100%| O|  |TAMS 0x0000000088f00000| PB 0x0000000088f00000| Untracked 
|  51|0x0000000088f00000, 0x0000000089000000, 0x0000000089000000|100%| O|  |TAMS 0x0000000089000000| PB 0x0000000089000000| Untracked 
|  52|0x0000000089000000, 0x0000000089100000, 0x0000000089100000|100%| O|  |TAMS 0x0000000089100000| PB 0x0000000089100000| Untracked 
|  53|0x0000000089100000, 0x0000000089200000, 0x0000000089200000|100%| O|  |TAMS 0x0000000089200000| PB 0x0000000089200000| Untracked 
|  54|0x0000000089200000, 0x0000000089300000, 0x0000000089300000|100%| O|  |TAMS 0x0000000089300000| PB 0x0000000089300000| Untracked 
|  55|0x0000000089300000, 0x0000000089400000, 0x0000000089400000|100%| O|  |TAMS 0x0000000089400000| PB 0x0000000089400000| Untracked 
|  56|0x0000000089400000, 0x0000000089500000, 0x0000000089500000|100%| O|  |TAMS 0x0000000089500000| PB 0x0000000089500000| Untracked 
|  57|0x0000000089500000, 0x0000000089600000, 0x0000000089600000|100%| O|  |TAMS 0x0000000089600000| PB 0x0000000089600000| Untracked 
|  58|0x0000000089600000, 0x0000000089700000, 0x0000000089700000|100%| O|  |TAMS 0x0000000089700000| PB 0x0000000089700000| Untracked 
|  59|0x0000000089700000, 0x0000000089800000, 0x0000000089800000|100%| O|  |TAMS 0x0000000089800000| PB 0x0000000089800000| Untracked 
|  60|0x0000000089800000, 0x0000000089900000, 0x0000000089900000|100%| O|  |TAMS 0x0000000089900000| PB 0x0000000089900000| Untracked 
|  61|0x0000000089900000, 0x0000000089a00000, 0x0000000089a00000|100%| O|  |TAMS 0x0000000089a00000| PB 0x0000000089a00000| Untracked 
|  62|0x0000000089a00000, 0x0000000089b00000, 0x0000000089b00000|100%| O|  |TAMS 0x0000000089b00000| PB 0x0000000089b00000| Untracked 
|  63|0x0000000089b00000, 0x0000000089c00000, 0x0000000089c00000|100%| O|  |TAMS 0x0000000089c00000| PB 0x0000000089c00000| Untracked 
|  64|0x0000000089c00000, 0x0000000089d00000, 0x0000000089d00000|100%| O|  |TAMS 0x0000000089d00000| PB 0x0000000089d00000| Untracked 
|  65|0x0000000089d00000, 0x0000000089e00000, 0x0000000089e00000|100%| O|  |TAMS 0x0000000089e00000| PB 0x0000000089e00000| Untracked 
|  66|0x0000000089e00000, 0x0000000089f00000, 0x0000000089f00000|100%| O|  |TAMS 0x0000000089f00000| PB 0x0000000089f00000| Untracked 
|  67|0x0000000089f00000, 0x000000008a000000, 0x000000008a000000|100%| O|  |TAMS 0x000000008a000000| PB 0x000000008a000000| Untracked 
|  68|0x000000008a000000, 0x000000008a100000, 0x000000008a100000|100%| O|  |TAMS 0x000000008a100000| PB 0x000000008a100000| Untracked 
|  69|0x000000008a100000, 0x000000008a200000, 0x000000008a200000|100%| O|  |TAMS 0x000000008a200000| PB 0x000000008a200000| Untracked 
|  70|0x000000008a200000, 0x000000008a300000, 0x000000008a300000|100%| O|  |TAMS 0x000000008a300000| PB 0x000000008a300000| Untracked 
|  71|0x000000008a300000, 0x000000008a400000, 0x000000008a400000|100%| O|  |TAMS 0x000000008a400000| PB 0x000000008a400000| Updating 
|  72|0x000000008a400000, 0x000000008a500000, 0x000000008a500000|100%| O|  |TAMS 0x000000008a500000| PB 0x000000008a500000| Untracked 
|  73|0x000000008a500000, 0x000000008a600000, 0x000000008a600000|100%| O|  |TAMS 0x000000008a600000| PB 0x000000008a600000| Untracked 
|  74|0x000000008a600000, 0x000000008a700000, 0x000000008a700000|100%| O|  |TAMS 0x000000008a700000| PB 0x000000008a700000| Untracked 
|  75|0x000000008a700000, 0x000000008a800000, 0x000000008a800000|100%| O|  |TAMS 0x000000008a800000| PB 0x000000008a800000| Untracked 
|  76|0x000000008a800000, 0x000000008a900000, 0x000000008a900000|100%| O|  |TAMS 0x000000008a900000| PB 0x000000008a900000| Untracked 
|  77|0x000000008a900000, 0x000000008aa00000, 0x000000008aa00000|100%| O|  |TAMS 0x000000008aa00000| PB 0x000000008aa00000| Untracked 
|  78|0x000000008aa00000, 0x000000008ab00000, 0x000000008ab00000|100%| O|  |TAMS 0x000000008ab00000| PB 0x000000008ab00000| Untracked 
|  79|0x000000008ab00000, 0x000000008ac00000, 0x000000008ac00000|100%| O|  |TAMS 0x000000008ac00000| PB 0x000000008ac00000| Untracked 
|  80|0x000000008ac00000, 0x000000008ad00000, 0x000000008ad00000|100%| O|  |TAMS 0x000000008ad00000| PB 0x000000008ad00000| Untracked 
|  81|0x000000008ad00000, 0x000000008ae00000, 0x000000008ae00000|100%| O|  |TAMS 0x000000008ae00000| PB 0x000000008ae00000| Updating 
|  82|0x000000008ae00000, 0x000000008af00000, 0x000000008af00000|100%| O|  |TAMS 0x000000008af00000| PB 0x000000008af00000| Updating 
|  83|0x000000008af00000, 0x000000008b000000, 0x000000008b000000|100%| O|  |TAMS 0x000000008b000000| PB 0x000000008b000000| Untracked 
|  84|0x000000008b000000, 0x000000008b100000, 0x000000008b100000|100%| O|  |TAMS 0x000000008b100000| PB 0x000000008b100000| Untracked 
|  85|0x000000008b100000, 0x000000008b200000, 0x000000008b200000|100%| O|  |TAMS 0x000000008b200000| PB 0x000000008b200000| Untracked 
|  86|0x000000008b200000, 0x000000008b300000, 0x000000008b300000|100%| O|  |TAMS 0x000000008b300000| PB 0x000000008b300000| Untracked 
|  87|0x000000008b300000, 0x000000008b400000, 0x000000008b400000|100%| O|  |TAMS 0x000000008b400000| PB 0x000000008b400000| Untracked 
|  88|0x000000008b400000, 0x000000008b500000, 0x000000008b500000|100%| O|  |TAMS 0x000000008b500000| PB 0x000000008b500000| Untracked 
|  89|0x000000008b500000, 0x000000008b600000, 0x000000008b600000|100%| O|  |TAMS 0x000000008b600000| PB 0x000000008b600000| Untracked 
|  90|0x000000008b600000, 0x000000008b700000, 0x000000008b700000|100%| O|  |TAMS 0x000000008b700000| PB 0x000000008b700000| Untracked 
|  91|0x000000008b700000, 0x000000008b800000, 0x000000008b800000|100%| O|  |TAMS 0x000000008b800000| PB 0x000000008b800000| Untracked 
|  92|0x000000008b800000, 0x000000008b900000, 0x000000008b900000|100%| O|  |TAMS 0x000000008b900000| PB 0x000000008b900000| Updating 
|  93|0x000000008b900000, 0x000000008ba00000, 0x000000008ba00000|100%| O|  |TAMS 0x000000008ba00000| PB 0x000000008ba00000| Untracked 
|  94|0x000000008ba00000, 0x000000008bb00000, 0x000000008bb00000|100%| O|  |TAMS 0x000000008bb00000| PB 0x000000008bb00000| Untracked 
|  95|0x000000008bb00000, 0x000000008bc00000, 0x000000008bc00000|100%| O|  |TAMS 0x000000008bc00000| PB 0x000000008bc00000| Untracked 
|  96|0x000000008bc00000, 0x000000008bd00000, 0x000000008bd00000|100%| O|  |TAMS 0x000000008bd00000| PB 0x000000008bd00000| Untracked 
|  97|0x000000008bd00000, 0x000000008be00000, 0x000000008be00000|100%| O|  |TAMS 0x000000008be00000| PB 0x000000008be00000| Untracked 
|  98|0x000000008be00000, 0x000000008bf00000, 0x000000008bf00000|100%| O|  |TAMS 0x000000008bf00000| PB 0x000000008bf00000| Untracked 
|  99|0x000000008bf00000, 0x000000008c000000, 0x000000008c000000|100%| O|  |TAMS 0x000000008c000000| PB 0x000000008c000000| Untracked 
| 100|0x000000008c000000, 0x000000008c100000, 0x000000008c100000|100%| O|  |TAMS 0x000000008c100000| PB 0x000000008c100000| Untracked 
| 101|0x000000008c100000, 0x000000008c200000, 0x000000008c200000|100%| O|  |TAMS 0x000000008c200000| PB 0x000000008c200000| Updating 
| 102|0x000000008c200000, 0x000000008c300000, 0x000000008c300000|100%| O|  |TAMS 0x000000008c300000| PB 0x000000008c300000| Untracked 
| 103|0x000000008c300000, 0x000000008c400000, 0x000000008c400000|100%| O|  |TAMS 0x000000008c400000| PB 0x000000008c400000| Updating 
| 104|0x000000008c400000, 0x000000008c500000, 0x000000008c500000|100%| O|  |TAMS 0x000000008c500000| PB 0x000000008c500000| Untracked 
| 105|0x000000008c500000, 0x000000008c600000, 0x000000008c600000|100%| O|  |TAMS 0x000000008c600000| PB 0x000000008c600000| Untracked 
| 106|0x000000008c600000, 0x000000008c700000, 0x000000008c700000|100%| O|  |TAMS 0x000000008c700000| PB 0x000000008c700000| Updating 
| 107|0x000000008c700000, 0x000000008c800000, 0x000000008c800000|100%| O|  |TAMS 0x000000008c800000| PB 0x000000008c800000| Untracked 
| 108|0x000000008c800000, 0x000000008c900000, 0x000000008c900000|100%| O|  |TAMS 0x000000008c900000| PB 0x000000008c900000| Untracked 
| 109|0x000000008c900000, 0x000000008ca00000, 0x000000008ca00000|100%| O|  |TAMS 0x000000008ca00000| PB 0x000000008ca00000| Untracked 
| 110|0x000000008ca00000, 0x000000008cb00000, 0x000000008cb00000|100%| O|  |TAMS 0x000000008cb00000| PB 0x000000008cb00000| Untracked 
| 111|0x000000008cb00000, 0x000000008cc00000, 0x000000008cc00000|100%| O|  |TAMS 0x000000008cc00000| PB 0x000000008cc00000| Untracked 
| 112|0x000000008cc00000, 0x000000008cd00000, 0x000000008cd00000|100%| O|  |TAMS 0x000000008cd00000| PB 0x000000008cd00000| Untracked 
| 113|0x000000008cd00000, 0x000000008ce00000, 0x000000008ce00000|100%| O|  |TAMS 0x000000008ce00000| PB 0x000000008ce00000| Untracked 
| 114|0x000000008ce00000, 0x000000008cf00000, 0x000000008cf00000|100%| O|  |TAMS 0x000000008cf00000| PB 0x000000008cf00000| Untracked 
| 115|0x000000008cf00000, 0x000000008d000000, 0x000000008d000000|100%| O|  |TAMS 0x000000008d000000| PB 0x000000008d000000| Untracked 
| 116|0x000000008d000000, 0x000000008d100000, 0x000000008d100000|100%| O|  |TAMS 0x000000008d100000| PB 0x000000008d100000| Untracked 
| 117|0x000000008d100000, 0x000000008d200000, 0x000000008d200000|100%| O|  |TAMS 0x000000008d200000| PB 0x000000008d200000| Untracked 
| 118|0x000000008d200000, 0x000000008d300000, 0x000000008d300000|100%| O|  |TAMS 0x000000008d300000| PB 0x000000008d300000| Untracked 
| 119|0x000000008d300000, 0x000000008d400000, 0x000000008d400000|100%| O|  |TAMS 0x000000008d400000| PB 0x000000008d400000| Untracked 
| 120|0x000000008d400000, 0x000000008d500000, 0x000000008d500000|100%| O|  |TAMS 0x000000008d500000| PB 0x000000008d500000| Untracked 
| 121|0x000000008d500000, 0x000000008d600000, 0x000000008d600000|100%| O|  |TAMS 0x000000008d600000| PB 0x000000008d600000| Updating 
| 122|0x000000008d600000, 0x000000008d700000, 0x000000008d700000|100%| O|  |TAMS 0x000000008d700000| PB 0x000000008d700000| Untracked 
| 123|0x000000008d700000, 0x000000008d800000, 0x000000008d800000|100%| O|  |TAMS 0x000000008d800000| PB 0x000000008d800000| Untracked 
| 124|0x000000008d800000, 0x000000008d900000, 0x000000008d900000|100%| O|  |TAMS 0x000000008d900000| PB 0x000000008d900000| Untracked 
| 125|0x000000008d900000, 0x000000008da00000, 0x000000008da00000|100%| O|  |TAMS 0x000000008da00000| PB 0x000000008da00000| Untracked 
| 126|0x000000008da00000, 0x000000008db00000, 0x000000008db00000|100%| O|  |TAMS 0x000000008db00000| PB 0x000000008db00000| Untracked 
| 127|0x000000008db00000, 0x000000008dc00000, 0x000000008dc00000|100%| O|  |TAMS 0x000000008dc00000| PB 0x000000008dc00000| Updating 
| 128|0x000000008dc00000, 0x000000008dd00000, 0x000000008dd00000|100%| O|  |TAMS 0x000000008dd00000| PB 0x000000008dd00000| Updating 
| 129|0x000000008dd00000, 0x000000008de00000, 0x000000008de00000|100%| O|  |TAMS 0x000000008de00000| PB 0x000000008de00000| Untracked 
| 130|0x000000008de00000, 0x000000008df00000, 0x000000008df00000|100%| O|  |TAMS 0x000000008de00000| PB 0x000000008de00000| Untracked 
| 131|0x000000008df00000, 0x000000008e000000, 0x000000008e000000|100%| O|  |TAMS 0x000000008e000000| PB 0x000000008e000000| Untracked 
| 132|0x000000008e000000, 0x000000008e100000, 0x000000008e100000|100%| O|  |TAMS 0x000000008e100000| PB 0x000000008e100000| Untracked 
| 133|0x000000008e100000, 0x000000008e200000, 0x000000008e200000|100%| O|  |TAMS 0x000000008e200000| PB 0x000000008e200000| Untracked 
| 134|0x000000008e200000, 0x000000008e300000, 0x000000008e300000|100%| O|  |TAMS 0x000000008e300000| PB 0x000000008e300000| Untracked 
| 135|0x000000008e300000, 0x000000008e400000, 0x000000008e400000|100%| O|  |TAMS 0x000000008e400000| PB 0x000000008e400000| Untracked 
| 136|0x000000008e400000, 0x000000008e500000, 0x000000008e500000|100%| O|  |TAMS 0x000000008e500000| PB 0x000000008e500000| Untracked 
| 137|0x000000008e500000, 0x000000008e600000, 0x000000008e600000|100%| O|  |TAMS 0x000000008e600000| PB 0x000000008e600000| Untracked 
| 138|0x000000008e600000, 0x000000008e700000, 0x000000008e700000|100%| O|  |TAMS 0x000000008e700000| PB 0x000000008e700000| Untracked 
| 139|0x000000008e700000, 0x000000008e800000, 0x000000008e800000|100%| O|  |TAMS 0x000000008e800000| PB 0x000000008e800000| Untracked 
| 140|0x000000008e800000, 0x000000008e900000, 0x000000008e900000|100%| O|  |TAMS 0x000000008e900000| PB 0x000000008e900000| Updating 
| 141|0x000000008e900000, 0x000000008ea00000, 0x000000008ea00000|100%| O|  |TAMS 0x000000008ea00000| PB 0x000000008ea00000| Updating 
| 142|0x000000008ea00000, 0x000000008eb00000, 0x000000008eb00000|100%| O|  |TAMS 0x000000008ea00000| PB 0x000000008ea00000| Untracked 
| 143|0x000000008eb00000, 0x000000008ec00000, 0x000000008ec00000|100%| O|  |TAMS 0x000000008eb00000| PB 0x000000008eb00000| Untracked 
| 144|0x000000008ec00000, 0x000000008ed00000, 0x000000008ed00000|100%| O|  |TAMS 0x000000008ed00000| PB 0x000000008ed00000| Untracked 
| 145|0x000000008ed00000, 0x000000008ee00000, 0x000000008ee00000|100%| O|  |TAMS 0x000000008ee00000| PB 0x000000008ee00000| Untracked 
| 146|0x000000008ee00000, 0x000000008ef00000, 0x000000008ef00000|100%| O|  |TAMS 0x000000008ef00000| PB 0x000000008ef00000| Untracked 
| 147|0x000000008ef00000, 0x000000008f000000, 0x000000008f000000|100%| O|  |TAMS 0x000000008f000000| PB 0x000000008f000000| Untracked 
| 148|0x000000008f000000, 0x000000008f100000, 0x000000008f100000|100%| O|  |TAMS 0x000000008f100000| PB 0x000000008f100000| Untracked 
| 149|0x000000008f100000, 0x000000008f200000, 0x000000008f200000|100%| O|  |TAMS 0x000000008f200000| PB 0x000000008f200000| Untracked 
| 150|0x000000008f200000, 0x000000008f300000, 0x000000008f300000|100%| O|  |TAMS 0x000000008f300000| PB 0x000000008f300000| Untracked 
| 151|0x000000008f300000, 0x000000008f400000, 0x000000008f400000|100%| O|  |TAMS 0x000000008f400000| PB 0x000000008f400000| Updating 
| 152|0x000000008f400000, 0x000000008f500000, 0x000000008f500000|100%| O|  |TAMS 0x000000008f500000| PB 0x000000008f500000| Untracked 
| 153|0x000000008f500000, 0x000000008f600000, 0x000000008f600000|100%| O|  |TAMS 0x000000008f600000| PB 0x000000008f600000| Updating 
| 154|0x000000008f600000, 0x000000008f700000, 0x000000008f700000|100%| O|  |TAMS 0x000000008f700000| PB 0x000000008f700000| Updating 
| 155|0x000000008f700000, 0x000000008f800000, 0x000000008f800000|100%| O|  |TAMS 0x000000008f700000| PB 0x000000008f700000| Untracked 
| 156|0x000000008f800000, 0x000000008f900000, 0x000000008f900000|100%| O|  |TAMS 0x000000008f800000| PB 0x000000008f800000| Untracked 
| 157|0x000000008f900000, 0x000000008fa00000, 0x000000008fa00000|100%| O|  |TAMS 0x000000008fa00000| PB 0x000000008fa00000| Updating 
| 158|0x000000008fa00000, 0x000000008fb00000, 0x000000008fb00000|100%| O|  |TAMS 0x000000008fb00000| PB 0x000000008fb00000| Updating 
| 159|0x000000008fb00000, 0x000000008fc00000, 0x000000008fc00000|100%| O|  |TAMS 0x000000008fc00000| PB 0x000000008fc00000| Untracked 
| 160|0x000000008fc00000, 0x000000008fd00000, 0x000000008fd00000|100%| O|  |TAMS 0x000000008fd00000| PB 0x000000008fd00000| Untracked 
| 161|0x000000008fd00000, 0x000000008fe00000, 0x000000008fe00000|100%| O|  |TAMS 0x000000008fe00000| PB 0x000000008fe00000| Untracked 
| 162|0x000000008fe00000, 0x000000008ff00000, 0x000000008ff00000|100%| O|  |TAMS 0x000000008ff00000| PB 0x000000008ff00000| Untracked 
| 163|0x000000008ff00000, 0x0000000090000000, 0x0000000090000000|100%| O|  |TAMS 0x000000008ffd8400| PB 0x000000008ffd8400| Updating 
| 164|0x0000000090000000, 0x0000000090100000, 0x0000000090100000|100%| O|  |TAMS 0x0000000090000000| PB 0x0000000090000000| Untracked 
| 165|0x0000000090100000, 0x0000000090200000, 0x0000000090200000|100%| O|  |TAMS 0x0000000090100000| PB 0x0000000090100000| Untracked 
| 166|0x0000000090200000, 0x0000000090200000, 0x0000000090300000|  0%| F|  |TAMS 0x0000000090200000| PB 0x0000000090200000| Untracked 
| 167|0x0000000090300000, 0x0000000090300000, 0x0000000090400000|  0%| F|  |TAMS 0x0000000090300000| PB 0x0000000090300000| Untracked 
| 168|0x0000000090400000, 0x0000000090400000, 0x0000000090500000|  0%| F|  |TAMS 0x0000000090400000| PB 0x0000000090400000| Untracked 
| 169|0x0000000090500000, 0x0000000090500000, 0x0000000090600000|  0%| F|  |TAMS 0x0000000090500000| PB 0x0000000090500000| Untracked 
| 170|0x0000000090600000, 0x0000000090600000, 0x0000000090700000|  0%| F|  |TAMS 0x0000000090600000| PB 0x0000000090600000| Untracked 
| 171|0x0000000090700000, 0x0000000090700000, 0x0000000090800000|  0%| F|  |TAMS 0x0000000090700000| PB 0x0000000090700000| Untracked 
| 172|0x0000000090800000, 0x0000000090800000, 0x0000000090900000|  0%| F|  |TAMS 0x0000000090800000| PB 0x0000000090800000| Untracked 
| 173|0x0000000090900000, 0x0000000090900000, 0x0000000090a00000|  0%| F|  |TAMS 0x0000000090900000| PB 0x0000000090900000| Untracked 
| 174|0x0000000090a00000, 0x0000000090b00000, 0x0000000090b00000|100%| S|CS|TAMS 0x0000000090a00000| PB 0x0000000090a00000| Complete 
| 175|0x0000000090b00000, 0x0000000090c00000, 0x0000000090c00000|100%| S|CS|TAMS 0x0000000090b00000| PB 0x0000000090b00000| Complete 
| 176|0x0000000090c00000, 0x0000000090c00000, 0x0000000090d00000|  0%| F|  |TAMS 0x0000000090c00000| PB 0x0000000090c00000| Untracked 
| 177|0x0000000090d00000, 0x0000000090d00000, 0x0000000090e00000|  0%| F|  |TAMS 0x0000000090d00000| PB 0x0000000090d00000| Untracked 
| 178|0x0000000090e00000, 0x0000000090e00000, 0x0000000090f00000|  0%| F|  |TAMS 0x0000000090e00000| PB 0x0000000090e00000| Untracked 
| 179|0x0000000090f00000, 0x0000000090f00000, 0x0000000091000000|  0%| F|  |TAMS 0x0000000090f00000| PB 0x0000000090f00000| Untracked 
| 180|0x0000000091000000, 0x0000000091000000, 0x0000000091100000|  0%| F|  |TAMS 0x0000000091000000| PB 0x0000000091000000| Untracked 
| 181|0x0000000091100000, 0x0000000091100000, 0x0000000091200000|  0%| F|  |TAMS 0x0000000091100000| PB 0x0000000091100000| Untracked 
| 182|0x0000000091200000, 0x0000000091200000, 0x0000000091300000|  0%| F|  |TAMS 0x0000000091200000| PB 0x0000000091200000| Untracked 
| 183|0x0000000091300000, 0x0000000091300000, 0x0000000091400000|  0%| F|  |TAMS 0x0000000091300000| PB 0x0000000091300000| Untracked 
| 184|0x0000000091400000, 0x0000000091400000, 0x0000000091500000|  0%| F|  |TAMS 0x0000000091400000| PB 0x0000000091400000| Untracked 
| 185|0x0000000091500000, 0x0000000091500000, 0x0000000091600000|  0%| F|  |TAMS 0x0000000091500000| PB 0x0000000091500000| Untracked 
| 186|0x0000000091600000, 0x0000000091700000, 0x0000000091700000|100%| S|CS|TAMS 0x0000000091600000| PB 0x0000000091600000| Complete 
| 187|0x0000000091700000, 0x0000000091800000, 0x0000000091800000|100%| S|CS|TAMS 0x0000000091700000| PB 0x0000000091700000| Complete 
| 188|0x0000000091800000, 0x0000000091900000, 0x0000000091900000|100%| S|CS|TAMS 0x0000000091800000| PB 0x0000000091800000| Complete 
| 189|0x0000000091900000, 0x0000000091a00000, 0x0000000091a00000|100%| S|CS|TAMS 0x0000000091900000| PB 0x0000000091900000| Complete 
| 190|0x0000000091a00000, 0x0000000091b00000, 0x0000000091b00000|100%| S|CS|TAMS 0x0000000091a00000| PB 0x0000000091a00000| Complete 
| 191|0x0000000091b00000, 0x0000000091c00000, 0x0000000091c00000|100%| S|CS|TAMS 0x0000000091b00000| PB 0x0000000091b00000| Complete 
| 192|0x0000000091c00000, 0x0000000091d00000, 0x0000000091d00000|100%| S|CS|TAMS 0x0000000091c00000| PB 0x0000000091c00000| Complete 
| 193|0x0000000091d00000, 0x0000000091e00000, 0x0000000091e00000|100%| S|CS|TAMS 0x0000000091d00000| PB 0x0000000091d00000| Complete 
| 194|0x0000000091e00000, 0x0000000091f00000, 0x0000000091f00000|100%| S|CS|TAMS 0x0000000091e00000| PB 0x0000000091e00000| Complete 
| 195|0x0000000091f00000, 0x0000000091f00000, 0x0000000092000000|  0%| F|  |TAMS 0x0000000091f00000| PB 0x0000000091f00000| Untracked 
| 196|0x0000000092000000, 0x0000000092000000, 0x0000000092100000|  0%| F|  |TAMS 0x0000000092000000| PB 0x0000000092000000| Untracked 
| 197|0x0000000092100000, 0x0000000092100000, 0x0000000092200000|  0%| F|  |TAMS 0x0000000092100000| PB 0x0000000092100000| Untracked 
| 198|0x0000000092200000, 0x0000000092200000, 0x0000000092300000|  0%| F|  |TAMS 0x0000000092200000| PB 0x0000000092200000| Untracked 
| 199|0x0000000092300000, 0x0000000092300000, 0x0000000092400000|  0%| F|  |TAMS 0x0000000092300000| PB 0x0000000092300000| Untracked 
| 200|0x0000000092400000, 0x0000000092400000, 0x0000000092500000|  0%| F|  |TAMS 0x0000000092400000| PB 0x0000000092400000| Untracked 
| 201|0x0000000092500000, 0x0000000092500000, 0x0000000092600000|  0%| F|  |TAMS 0x0000000092500000| PB 0x0000000092500000| Untracked 
| 202|0x0000000092600000, 0x0000000092600000, 0x0000000092700000|  0%| F|  |TAMS 0x0000000092600000| PB 0x0000000092600000| Untracked 
| 203|0x0000000092700000, 0x0000000092700000, 0x0000000092800000|  0%| F|  |TAMS 0x0000000092700000| PB 0x0000000092700000| Untracked 
| 204|0x0000000092800000, 0x0000000092800000, 0x0000000092900000|  0%| F|  |TAMS 0x0000000092800000| PB 0x0000000092800000| Untracked 
| 205|0x0000000092900000, 0x0000000092900000, 0x0000000092a00000|  0%| F|  |TAMS 0x0000000092900000| PB 0x0000000092900000| Untracked 
| 206|0x0000000092a00000, 0x0000000092a00000, 0x0000000092b00000|  0%| F|  |TAMS 0x0000000092a00000| PB 0x0000000092a00000| Untracked 
| 207|0x0000000092b00000, 0x0000000092b00000, 0x0000000092c00000|  0%| F|  |TAMS 0x0000000092b00000| PB 0x0000000092b00000| Untracked 
| 208|0x0000000092c00000, 0x0000000092c00000, 0x0000000092d00000|  0%| F|  |TAMS 0x0000000092c00000| PB 0x0000000092c00000| Untracked 
| 209|0x0000000092d00000, 0x0000000092d00000, 0x0000000092e00000|  0%| F|  |TAMS 0x0000000092d00000| PB 0x0000000092d00000| Untracked 
| 210|0x0000000092e00000, 0x0000000092e00000, 0x0000000092f00000|  0%| F|  |TAMS 0x0000000092e00000| PB 0x0000000092e00000| Untracked 
| 211|0x0000000092f00000, 0x0000000092f00000, 0x0000000093000000|  0%| F|  |TAMS 0x0000000092f00000| PB 0x0000000092f00000| Untracked 
| 212|0x0000000093000000, 0x0000000093000000, 0x0000000093100000|  0%| F|  |TAMS 0x0000000093000000| PB 0x0000000093000000| Untracked 
| 213|0x0000000093100000, 0x0000000093100000, 0x0000000093200000|  0%| F|  |TAMS 0x0000000093100000| PB 0x0000000093100000| Untracked 
| 214|0x0000000093200000, 0x0000000093200000, 0x0000000093300000|  0%| F|  |TAMS 0x0000000093200000| PB 0x0000000093200000| Untracked 
| 215|0x0000000093300000, 0x0000000093300000, 0x0000000093400000|  0%| F|  |TAMS 0x0000000093300000| PB 0x0000000093300000| Untracked 
| 216|0x0000000093400000, 0x0000000093400000, 0x0000000093500000|  0%| F|  |TAMS 0x0000000093400000| PB 0x0000000093400000| Untracked 
| 217|0x0000000093500000, 0x0000000093500000, 0x0000000093600000|  0%| F|  |TAMS 0x0000000093500000| PB 0x0000000093500000| Untracked 
| 218|0x0000000093600000, 0x0000000093600000, 0x0000000093700000|  0%| F|  |TAMS 0x0000000093600000| PB 0x0000000093600000| Untracked 
| 219|0x0000000093700000, 0x0000000093700000, 0x0000000093800000|  0%| F|  |TAMS 0x0000000093700000| PB 0x0000000093700000| Untracked 
| 220|0x0000000093800000, 0x0000000093800000, 0x0000000093900000|  0%| F|  |TAMS 0x0000000093800000| PB 0x0000000093800000| Untracked 
| 221|0x0000000093900000, 0x0000000093900000, 0x0000000093a00000|  0%| F|  |TAMS 0x0000000093900000| PB 0x0000000093900000| Untracked 
| 222|0x0000000093a00000, 0x0000000093a00000, 0x0000000093b00000|  0%| F|  |TAMS 0x0000000093a00000| PB 0x0000000093a00000| Untracked 
| 223|0x0000000093b00000, 0x0000000093b00000, 0x0000000093c00000|  0%| F|  |TAMS 0x0000000093b00000| PB 0x0000000093b00000| Untracked 
| 224|0x0000000093c00000, 0x0000000093c00000, 0x0000000093d00000|  0%| F|  |TAMS 0x0000000093c00000| PB 0x0000000093c00000| Untracked 
| 225|0x0000000093d00000, 0x0000000093d00000, 0x0000000093e00000|  0%| F|  |TAMS 0x0000000093d00000| PB 0x0000000093d00000| Untracked 
| 226|0x0000000093e00000, 0x0000000093e00000, 0x0000000093f00000|  0%| F|  |TAMS 0x0000000093e00000| PB 0x0000000093e00000| Untracked 
| 227|0x0000000093f00000, 0x0000000093f00000, 0x0000000094000000|  0%| F|  |TAMS 0x0000000093f00000| PB 0x0000000093f00000| Untracked 
| 228|0x0000000094000000, 0x0000000094000000, 0x0000000094100000|  0%| F|  |TAMS 0x0000000094000000| PB 0x0000000094000000| Untracked 
| 229|0x0000000094100000, 0x0000000094100000, 0x0000000094200000|  0%| F|  |TAMS 0x0000000094100000| PB 0x0000000094100000| Untracked 
| 230|0x0000000094200000, 0x0000000094200000, 0x0000000094300000|  0%| F|  |TAMS 0x0000000094200000| PB 0x0000000094200000| Untracked 
| 231|0x0000000094300000, 0x0000000094300000, 0x0000000094400000|  0%| F|  |TAMS 0x0000000094300000| PB 0x0000000094300000| Untracked 
| 232|0x0000000094400000, 0x0000000094400000, 0x0000000094500000|  0%| F|  |TAMS 0x0000000094400000| PB 0x0000000094400000| Untracked 
| 233|0x0000000094500000, 0x0000000094500000, 0x0000000094600000|  0%| F|  |TAMS 0x0000000094500000| PB 0x0000000094500000| Untracked 
| 234|0x0000000094600000, 0x0000000094600000, 0x0000000094700000|  0%| F|  |TAMS 0x0000000094600000| PB 0x0000000094600000| Untracked 
| 235|0x0000000094700000, 0x0000000094700000, 0x0000000094800000|  0%| F|  |TAMS 0x0000000094700000| PB 0x0000000094700000| Untracked 
| 236|0x0000000094800000, 0x0000000094800000, 0x0000000094900000|  0%| F|  |TAMS 0x0000000094800000| PB 0x0000000094800000| Untracked 
| 237|0x0000000094900000, 0x0000000094900000, 0x0000000094a00000|  0%| F|  |TAMS 0x0000000094900000| PB 0x0000000094900000| Untracked 
| 238|0x0000000094a00000, 0x0000000094a00000, 0x0000000094b00000|  0%| F|  |TAMS 0x0000000094a00000| PB 0x0000000094a00000| Untracked 
| 239|0x0000000094b00000, 0x0000000094b00000, 0x0000000094c00000|  0%| F|  |TAMS 0x0000000094b00000| PB 0x0000000094b00000| Untracked 
| 240|0x0000000094c00000, 0x0000000094c00000, 0x0000000094d00000|  0%| F|  |TAMS 0x0000000094c00000| PB 0x0000000094c00000| Untracked 
| 241|0x0000000094d00000, 0x0000000094d00000, 0x0000000094e00000|  0%| F|  |TAMS 0x0000000094d00000| PB 0x0000000094d00000| Untracked 
| 242|0x0000000094e00000, 0x0000000094e00000, 0x0000000094f00000|  0%| F|  |TAMS 0x0000000094e00000| PB 0x0000000094e00000| Untracked 
| 243|0x0000000094f00000, 0x0000000094f00000, 0x0000000095000000|  0%| F|  |TAMS 0x0000000094f00000| PB 0x0000000094f00000| Untracked 
| 244|0x0000000095000000, 0x0000000095000000, 0x0000000095100000|  0%| F|  |TAMS 0x0000000095000000| PB 0x0000000095000000| Untracked 
| 245|0x0000000095100000, 0x0000000095100000, 0x0000000095200000|  0%| F|  |TAMS 0x0000000095100000| PB 0x0000000095100000| Untracked 
| 246|0x0000000095200000, 0x0000000095200000, 0x0000000095300000|  0%| F|  |TAMS 0x0000000095200000| PB 0x0000000095200000| Untracked 
| 247|0x0000000095300000, 0x0000000095300000, 0x0000000095400000|  0%| F|  |TAMS 0x0000000095300000| PB 0x0000000095300000| Untracked 
| 248|0x0000000095400000, 0x0000000095400000, 0x0000000095500000|  0%| F|  |TAMS 0x0000000095400000| PB 0x0000000095400000| Untracked 
| 249|0x0000000095500000, 0x0000000095500000, 0x0000000095600000|  0%| F|  |TAMS 0x0000000095500000| PB 0x0000000095500000| Untracked 
| 250|0x0000000095600000, 0x0000000095600000, 0x0000000095700000|  0%| F|  |TAMS 0x0000000095600000| PB 0x0000000095600000| Untracked 
| 251|0x0000000095700000, 0x0000000095700000, 0x0000000095800000|  0%| F|  |TAMS 0x0000000095700000| PB 0x0000000095700000| Untracked 
| 252|0x0000000095800000, 0x0000000095800000, 0x0000000095900000|  0%| F|  |TAMS 0x0000000095800000| PB 0x0000000095800000| Untracked 
| 253|0x0000000095900000, 0x0000000095900000, 0x0000000095a00000|  0%| F|  |TAMS 0x0000000095900000| PB 0x0000000095900000| Untracked 
| 254|0x0000000095a00000, 0x0000000095a00000, 0x0000000095b00000|  0%| F|  |TAMS 0x0000000095a00000| PB 0x0000000095a00000| Untracked 
| 255|0x0000000095b00000, 0x0000000095b00000, 0x0000000095c00000|  0%| F|  |TAMS 0x0000000095b00000| PB 0x0000000095b00000| Untracked 
| 256|0x0000000095c00000, 0x0000000095c00000, 0x0000000095d00000|  0%| F|  |TAMS 0x0000000095c00000| PB 0x0000000095c00000| Untracked 
| 257|0x0000000095d00000, 0x0000000095d00000, 0x0000000095e00000|  0%| F|  |TAMS 0x0000000095d00000| PB 0x0000000095d00000| Untracked 
| 258|0x0000000095e00000, 0x0000000095e00000, 0x0000000095f00000|  0%| F|  |TAMS 0x0000000095e00000| PB 0x0000000095e00000| Untracked 
| 259|0x0000000095f00000, 0x0000000095f00000, 0x0000000096000000|  0%| F|  |TAMS 0x0000000095f00000| PB 0x0000000095f00000| Untracked 
| 260|0x0000000096000000, 0x0000000096000000, 0x0000000096100000|  0%| F|  |TAMS 0x0000000096000000| PB 0x0000000096000000| Untracked 
| 261|0x0000000096100000, 0x0000000096200000, 0x0000000096200000|100%| E|  |TAMS 0x0000000096100000| PB 0x0000000096100000| Complete 
| 262|0x0000000096200000, 0x0000000096300000, 0x0000000096300000|100%| E|CS|TAMS 0x0000000096200000| PB 0x0000000096200000| Complete 
| 263|0x0000000096300000, 0x0000000096400000, 0x0000000096400000|100%| E|CS|TAMS 0x0000000096300000| PB 0x0000000096300000| Complete 
| 264|0x0000000096400000, 0x0000000096500000, 0x0000000096500000|100%| E|CS|TAMS 0x0000000096400000| PB 0x0000000096400000| Complete 
| 265|0x0000000096500000, 0x0000000096600000, 0x0000000096600000|100%| E|CS|TAMS 0x0000000096500000| PB 0x0000000096500000| Complete 
| 266|0x0000000096600000, 0x0000000096700000, 0x0000000096700000|100%| E|CS|TAMS 0x0000000096600000| PB 0x0000000096600000| Complete 
| 267|0x0000000096700000, 0x0000000096800000, 0x0000000096800000|100%| E|CS|TAMS 0x0000000096700000| PB 0x0000000096700000| Complete 
| 268|0x0000000096800000, 0x0000000096900000, 0x0000000096900000|100%| E|CS|TAMS 0x0000000096800000| PB 0x0000000096800000| Complete 
| 269|0x0000000096900000, 0x0000000096a00000, 0x0000000096a00000|100%| E|CS|TAMS 0x0000000096900000| PB 0x0000000096900000| Complete 
| 270|0x0000000096a00000, 0x0000000096b00000, 0x0000000096b00000|100%| E|CS|TAMS 0x0000000096a00000| PB 0x0000000096a00000| Complete 
| 271|0x0000000096b00000, 0x0000000096c00000, 0x0000000096c00000|100%| E|CS|TAMS 0x0000000096b00000| PB 0x0000000096b00000| Complete 
| 272|0x0000000096c00000, 0x0000000096d00000, 0x0000000096d00000|100%| E|CS|TAMS 0x0000000096c00000| PB 0x0000000096c00000| Complete 
| 273|0x0000000096d00000, 0x0000000096e00000, 0x0000000096e00000|100%| E|CS|TAMS 0x0000000096d00000| PB 0x0000000096d00000| Complete 
|1950|0x00000000ffa00000, 0x00000000ffb00000, 0x00000000ffb00000|100%| E|CS|TAMS 0x00000000ffa00000| PB 0x00000000ffa00000| Complete 
|1951|0x00000000ffb00000, 0x00000000ffc00000, 0x00000000ffc00000|100%| O|  |TAMS 0x00000000ffc00000| PB 0x00000000ffc00000| Updating 
|1952|0x00000000ffc00000, 0x00000000ffd00000, 0x00000000ffd00000|100%| O|  |TAMS 0x00000000ffd00000| PB 0x00000000ffd00000| Updating 
|1953|0x00000000ffd00000, 0x00000000ffe00000, 0x00000000ffe00000|100%| O|  |TAMS 0x00000000ffe00000| PB 0x00000000ffe00000| Untracked 
|1954|0x00000000ffe00000, 0x00000000fff00000, 0x00000000fff00000|100%| O|  |TAMS 0x00000000fff00000| PB 0x00000000fff00000| Untracked 
|1955|0x00000000fff00000, 0x0000000100000000, 0x0000000100000000|100%| O|  |TAMS 0x0000000100000000| PB 0x0000000100000000| Untracked 

Card table byte_map: [0x0000024b7bce0000,0x0000024b7c0c0000] _byte_map_base: 0x0000024b7b8b2000

Marking Bits: (CMBitMap*) 0x0000024b6928e0b0
 Bits: [0x0000024b7c0c0000, 0x0000024b7df50000)

Polling page: 0x0000024b67300000

Metaspace:

Usage:
  Non-class:     85.93 MB used.
      Class:      9.91 MB used.
       Both:     95.83 MB used.

Virtual space:
  Non-class space:      128.00 MB reserved,      86.19 MB ( 67%) committed,  2 nodes.
      Class space:        1.00 GB reserved,      10.06 MB ( <1%) committed,  1 nodes.
             Both:        1.12 GB reserved,      96.25 MB (  8%) committed. 

Chunk freelists:
   Non-Class:  9.55 MB
       Class:  5.95 MB
        Both:  15.50 MB

MaxMetaspaceSize: unlimited
CompressedClassSpaceSize: 1.00 GB
Initial GC threshold: 21.00 MB
Current GC threshold: 159.19 MB
CDS: off
 - commit_granule_bytes: 65536.
 - commit_granule_words: 8192.
 - virtual_space_node_default_size: 8388608.
 - enlarge_chunks_in_place: 1.
 - use_allocation_guard: 0.


Internal statistics:

num_allocs_failed_limit: 6.
num_arena_births: 434.
num_arena_deaths: 0.
num_vsnodes_births: 3.
num_vsnodes_deaths: 0.
num_space_committed: 1538.
num_space_uncommitted: 0.
num_chunks_returned_to_freelist: 6.
num_chunks_taken_from_freelist: 3544.
num_chunk_merges: 6.
num_chunk_splits: 2975.
num_chunks_enlarged: 2688.
num_inconsistent_stats: 0.

CodeHeap 'non-profiled nmethods': size=120000Kb used=9207Kb max_used=10430Kb free=110793Kb
 bounds [0x0000024b73e70000, 0x0000024b748a0000, 0x0000024b7b3a0000]
CodeHeap 'profiled nmethods': size=120000Kb used=57609Kb max_used=64494Kb free=62390Kb
 bounds [0x0000024b6c3a0000, 0x0000024b702b0000, 0x0000024b738d0000]
CodeHeap 'non-nmethods': size=5760Kb used=1714Kb max_used=1773Kb free=4045Kb
 bounds [0x0000024b738d0000, 0x0000024b73b40000, 0x0000024b73e70000]
CodeCache: size=245760Kb, used=68530Kb, max_used=76697Kb, free=177228Kb
 total_blobs=16527, nmethods=15683, adapters=742, full_count=0
Compilation: enabled, stopped_count=0, restarted_count=0

Compilation events (20 events):
Event: 32.714 Thread 0x0000024b050a7a90 nmethod 20230 0x0000024b7489c090 code [0x0000024b7489c280, 0x0000024b7489c790]
Event: 32.717 Thread 0x0000024b090ad9e0 20231 %     4       org.jetbrains.kotlin.codegen.optimization.ConstantConditionEliminationMethodTransformer$ConstantConditionsOptimization::collectRewriteActions @ 70 (262 bytes)
Event: 32.717 Thread 0x0000024b090a95c0 20232       4       org.jetbrains.kotlin.codegen.optimization.boxing.BoxingInterpreterKt::isInlineClassBoxingMethodDescriptor (65 bytes)
Event: 32.720 Thread 0x0000024b050b2500 20233       1       org.jetbrains.kotlin.codegen.state.GenerationState::getJvmBackendClassResolver (5 bytes)
Event: 32.720 Thread 0x0000024b050b2500 nmethod 20233 0x0000024b7489ca90 code [0x0000024b7489cc20, 0x0000024b7489cce8]
Event: 32.720 Thread 0x0000024b050b2500 20234       1       org.jetbrains.kotlin.ir.declarations.lazy.IrLazySymbolTable::access$getOriginalTable$p (5 bytes)
Event: 32.720 Thread 0x0000024b050b2500 nmethod 20234 0x0000024b7489cd90 code [0x0000024b7489cf20, 0x0000024b7489cfd0]
Event: 32.720 Thread 0x0000024b050b2500 20235       1       org.jetbrains.kotlin.codegen.state.GenerationState::getMapInlineClass (5 bytes)
Event: 32.721 Thread 0x0000024b050b2500 nmethod 20235 0x0000024b7489d090 code [0x0000024b7489d220, 0x0000024b7489d2f0]
Event: 32.721 Thread 0x0000024b050b2500 20236       1       org.jetbrains.kotlin.ir.util.SymbolTable::getLazyWrapper (5 bytes)
Event: 32.721 Thread 0x0000024b050b2500 nmethod 20236 0x0000024b7489d390 code [0x0000024b7489d520, 0x0000024b7489d5e8]
Event: 32.721 Thread 0x0000024b050b2500 20237       1       org.jetbrains.kotlin.ir.declarations.lazy.IrLazySymbolTable::getDescriptorExtension (5 bytes)
Event: 32.721 Thread 0x0000024b050b2500 nmethod 20237 0x0000024b7489d690 code [0x0000024b7489d820, 0x0000024b7489d8e8]
Event: 32.723 Thread 0x0000024b090a95c0 nmethod 20232 0x0000024b7489d990 code [0x0000024b7489db80, 0x0000024b7489e218]
Event: 32.725 Thread 0x0000024b090a95c0 20238       4       org.jetbrains.kotlin.codegen.optimization.boxing.RedundantBoxingInterpreter::copyOperation (13 bytes)
Event: 32.725 Thread 0x0000024b050a7a90 20239       4       org.jetbrains.kotlin.codegen.optimization.boxing.RedundantBoxingInterpreter::copyOperation (64 bytes)
Event: 32.730 Thread 0x0000024b050a7a90 nmethod 20239 0x0000024b7489e590 code [0x0000024b7489e7a0, 0x0000024b7489eb68]
Event: 32.731 Thread 0x0000024b090a95c0 nmethod 20238 0x0000024b7489ef10 code [0x0000024b7489f120, 0x0000024b7489f540]
Event: 32.731 Thread 0x0000024b090a95c0 20240 %     4       org.jetbrains.kotlin.codegen.optimization.boxing.StackPeepholeOptimizationsTransformer::transformOnce @ 25 (542 bytes)
Event: 32.731 Thread 0x0000024b050a7a90 20241       4       org.jetbrains.kotlin.codegen.optimization.OptimizationMethodVisitor$Companion::countInsnsWithFramesUntil (94 bytes)

GC Heap History (20 events):
Event: 14.315 GC heap before
{Heap before GC invocations=26 (full 0):
 garbage-first heap   total 174080K, used 153003K [0x0000000085c00000, 0x0000000100000000)
  region size 1024K, 44 young (45056K), 6 survivors (6144K)
 Metaspace       used 62793K, committed 63104K, reserved 1114112K
  class space    used 7199K, committed 7360K, reserved 1048576K
}
Event: 14.332 GC heap after
{Heap after GC invocations=27 (full 0):
 garbage-first heap   total 241664K, used 119973K [0x0000000085c00000, 0x0000000100000000)
  region size 1024K, 6 young (6144K), 6 survivors (6144K)
 Metaspace       used 62793K, committed 63104K, reserved 1114112K
  class space    used 7199K, committed 7360K, reserved 1048576K
}
Event: 18.042 GC heap before
{Heap before GC invocations=28 (full 0):
 garbage-first heap   total 241664K, used 198821K [0x0000000085c00000, 0x0000000100000000)
  region size 1024K, 84 young (86016K), 6 survivors (6144K)
 Metaspace       used 66905K, committed 67200K, reserved 1114112K
  class space    used 7526K, committed 7680K, reserved 1048576K
}
Event: 18.064 GC heap after
{Heap after GC invocations=29 (full 0):
 garbage-first heap   total 241664K, used 126435K [0x0000000085c00000, 0x0000000100000000)
  region size 1024K, 11 young (11264K), 11 survivors (11264K)
 Metaspace       used 66905K, committed 67200K, reserved 1114112K
  class space    used 7526K, committed 7680K, reserved 1048576K
}
Event: 21.240 GC heap before
{Heap before GC invocations=29 (full 0):
 garbage-first heap   total 241664K, used 204259K [0x0000000085c00000, 0x0000000100000000)
  region size 1024K, 88 young (90112K), 11 survivors (11264K)
 Metaspace       used 71947K, committed 72256K, reserved 1114112K
  class space    used 7943K, committed 8064K, reserved 1048576K
}
Event: 21.277 GC heap after
{Heap after GC invocations=30 (full 0):
 garbage-first heap   total 241664K, used 137810K [0x0000000085c00000, 0x0000000100000000)
  region size 1024K, 11 young (11264K), 11 survivors (11264K)
 Metaspace       used 71947K, committed 72256K, reserved 1114112K
  class space    used 7943K, committed 8064K, reserved 1048576K
}
Event: 23.593 GC heap before
{Heap before GC invocations=30 (full 0):
 garbage-first heap   total 241664K, used 208466K [0x0000000085c00000, 0x0000000100000000)
  region size 1024K, 80 young (81920K), 11 survivors (11264K)
 Metaspace       used 79070K, committed 79360K, reserved 1179648K
  class space    used 8590K, committed 8704K, reserved 1048576K
}
Event: 23.626 GC heap after
{Heap after GC invocations=31 (full 0):
 garbage-first heap   total 241664K, used 149367K [0x0000000085c00000, 0x0000000100000000)
  region size 1024K, 10 young (10240K), 10 survivors (10240K)
 Metaspace       used 79070K, committed 79360K, reserved 1179648K
  class space    used 8590K, committed 8704K, reserved 1048576K
}
Event: 25.705 GC heap before
{Heap before GC invocations=32 (full 0):
 garbage-first heap   total 249856K, used 212855K [0x0000000085c00000, 0x0000000100000000)
  region size 1024K, 72 young (73728K), 10 survivors (10240K)
 Metaspace       used 82823K, committed 83136K, reserved 1179648K
  class space    used 8984K, committed 9088K, reserved 1048576K
}
Event: 25.734 GC heap after
{Heap after GC invocations=33 (full 0):
 garbage-first heap   total 249856K, used 161676K [0x0000000085c00000, 0x0000000100000000)
  region size 1024K, 9 young (9216K), 9 survivors (9216K)
 Metaspace       used 82823K, committed 83136K, reserved 1179648K
  class space    used 8984K, committed 9088K, reserved 1048576K
}
Event: 28.622 GC heap before
{Heap before GC invocations=33 (full 0):
 garbage-first heap   total 249856K, used 221068K [0x0000000085c00000, 0x0000000100000000)
  region size 1024K, 67 young (68608K), 9 survivors (9216K)
 Metaspace       used 90468K, committed 90880K, reserved 1179648K
  class space    used 9569K, committed 9728K, reserved 1048576K
}
Event: 28.645 GC heap after
{Heap after GC invocations=34 (full 0):
 garbage-first heap   total 249856K, used 167578K [0x0000000085c00000, 0x0000000100000000)
  region size 1024K, 6 young (6144K), 6 survivors (6144K)
 Metaspace       used 90468K, committed 90880K, reserved 1179648K
  class space    used 9569K, committed 9728K, reserved 1048576K
}
Event: 30.521 GC heap before
{Heap before GC invocations=34 (full 0):
 garbage-first heap   total 249856K, used 224922K [0x0000000085c00000, 0x0000000100000000)
  region size 1024K, 62 young (63488K), 6 survivors (6144K)
 Metaspace       used 97334K, committed 97728K, reserved 1179648K
  class space    used 10128K, committed 10304K, reserved 1048576K
}
Event: 30.531 GC heap after
{Heap after GC invocations=35 (full 0):
 garbage-first heap   total 249856K, used 171395K [0x0000000085c00000, 0x0000000100000000)
  region size 1024K, 4 young (4096K), 4 survivors (4096K)
 Metaspace       used 97334K, committed 97728K, reserved 1179648K
  class space    used 10128K, committed 10304K, reserved 1048576K
}
Event: 31.319 GC heap before
{Heap before GC invocations=36 (full 0):
 garbage-first heap   total 286720K, used 227715K [0x0000000085c00000, 0x0000000100000000)
  region size 1024K, 59 young (60416K), 4 survivors (4096K)
 Metaspace       used 97747K, committed 98112K, reserved 1179648K
  class space    used 10136K, committed 10304K, reserved 1048576K
}
Event: 31.327 GC heap after
{Heap after GC invocations=37 (full 0):
 garbage-first heap   total 286720K, used 174762K [0x0000000085c00000, 0x0000000100000000)
  region size 1024K, 8 young (8192K), 8 survivors (8192K)
 Metaspace       used 97747K, committed 98112K, reserved 1179648K
  class space    used 10136K, committed 10304K, reserved 1048576K
}
Event: 31.897 GC heap before
{Heap before GC invocations=37 (full 0):
 garbage-first heap   total 286720K, used 257706K [0x0000000085c00000, 0x0000000100000000)
  region size 1024K, 89 young (91136K), 8 survivors (8192K)
 Metaspace       used 97918K, committed 98240K, reserved 1179648K
  class space    used 10142K, committed 10304K, reserved 1048576K
}
Event: 31.918 GC heap after
{Heap after GC invocations=38 (full 0):
 garbage-first heap   total 286720K, used 177915K [0x0000000085c00000, 0x0000000100000000)
  region size 1024K, 10 young (10240K), 10 survivors (10240K)
 Metaspace       used 97918K, committed 98240K, reserved 1179648K
  class space    used 10142K, committed 10304K, reserved 1048576K
}
Event: 32.598 GC heap before
{Heap before GC invocations=38 (full 0):
 garbage-first heap   total 286720K, used 259835K [0x0000000085c00000, 0x0000000100000000)
  region size 1024K, 90 young (92160K), 10 survivors (10240K)
 Metaspace       used 98132K, committed 98560K, reserved 1179648K
  class space    used 10142K, committed 10304K, reserved 1048576K
}
Event: 32.619 GC heap after
{Heap after GC invocations=39 (full 0):
 garbage-first heap   total 286720K, used 186311K [0x0000000085c00000, 0x0000000100000000)
  region size 1024K, 11 young (11264K), 11 survivors (11264K)
 Metaspace       used 98132K, committed 98560K, reserved 1179648K
  class space    used 10142K, committed 10304K, reserved 1048576K
}

Dll operation events (3 events):
Event: 0.011 Loaded shared library C:\Program Files\Android\Android Studio1\jbr\bin\java.dll
Event: 0.020 Loaded shared library C:\Program Files\Android\Android Studio1\jbr\bin\zip.dll
Event: 1.376 Loaded shared library C:\Program Files\Android\Android Studio1\jbr\bin\verify.dll

Deoptimization events (20 events):
Event: 32.565 Thread 0x0000024b66de4300 DEOPT PACKING pc=0x0000024b7001326f sp=0x000000d426ffa280
Event: 32.565 Thread 0x0000024b66de4300 DEOPT UNPACKING pc=0x0000024b73924b42 sp=0x000000d426ff97b8 mode 0
Event: 32.576 Thread 0x0000024b66de4300 DEOPT PACKING pc=0x0000024b6ff6c187 sp=0x000000d426ffb3a0
Event: 32.576 Thread 0x0000024b66de4300 DEOPT UNPACKING pc=0x0000024b73924b42 sp=0x000000d426ffa958 mode 0
Event: 32.581 Thread 0x0000024b66de4300 DEOPT PACKING pc=0x0000024b6dec883f sp=0x000000d426ffb530
Event: 32.581 Thread 0x0000024b66de4300 DEOPT UNPACKING pc=0x0000024b73924b42 sp=0x000000d426ffaa58 mode 0
Event: 32.731 Thread 0x0000024b66de4300 Uncommon trap: trap_request=0xffffff45 fr.pc=0x0000024b740b7678 relative=0x00000000000052d8
Event: 32.731 Thread 0x0000024b66de4300 Uncommon trap: reason=unstable_if action=reinterpret pc=0x0000024b740b7678 method=org.jetbrains.kotlin.codegen.optimization.temporaryVals.TemporaryValsAnalyzer.analyze(Ljava/lang/String;Lorg/jetbrains/org/objectweb/asm/tree/MethodNode;)Ljava/util/List; @ 
Event: 32.731 Thread 0x0000024b66de4300 DEOPT PACKING pc=0x0000024b740b7678 sp=0x000000d426ffd6a0
Event: 32.731 Thread 0x0000024b66de4300 DEOPT UNPACKING pc=0x0000024b739243a2 sp=0x000000d426ffd618 mode 2
Event: 32.731 Thread 0x0000024b66de4300 DEOPT PACKING pc=0x0000024b6febbf95 sp=0x000000d426ffd5d0
Event: 32.731 Thread 0x0000024b66de4300 DEOPT UNPACKING pc=0x0000024b73924b42 sp=0x000000d426ffca68 mode 0
Event: 32.732 Thread 0x0000024b66de4300 DEOPT PACKING pc=0x0000024b6dec883f sp=0x000000d426ffd5a0
Event: 32.732 Thread 0x0000024b66de4300 DEOPT UNPACKING pc=0x0000024b73924b42 sp=0x000000d426ffcac8 mode 0
Event: 32.732 Thread 0x0000024b66de4300 Uncommon trap: trap_request=0xffffff45 fr.pc=0x0000024b74270f64 relative=0x0000000000000a04
Event: 32.732 Thread 0x0000024b66de4300 Uncommon trap: reason=unstable_if action=reinterpret pc=0x0000024b74270f64 method=org.jetbrains.kotlin.codegen.optimization.common.UtilKt.removeUnusedLocalVariables(Lorg/jetbrains/org/objectweb/asm/tree/MethodNode;)V @ 303 c2
Event: 32.732 Thread 0x0000024b66de4300 DEOPT PACKING pc=0x0000024b74270f64 sp=0x000000d426ffd650
Event: 32.732 Thread 0x0000024b66de4300 DEOPT UNPACKING pc=0x0000024b739243a2 sp=0x000000d426ffd5d0 mode 2
Event: 32.733 Thread 0x0000024b66de4300 DEOPT PACKING pc=0x0000024b700873e2 sp=0x000000d426ffd620
Event: 32.733 Thread 0x0000024b66de4300 DEOPT UNPACKING pc=0x0000024b73924b42 sp=0x000000d426ffcb20 mode 0

Classes loaded (20 events):
Event: 27.792 Loading class java/security/MessageDigest$Delegate
Event: 27.792 Loading class sun/security/util/MessageDigestSpi2
Event: 27.792 Loading class sun/security/util/MessageDigestSpi2 done
Event: 27.793 Loading class java/security/MessageDigest$Delegate done
Event: 27.793 Loading class java/security/MessageDigest$Delegate$CloneableDelegate
Event: 27.793 Loading class java/security/MessageDigest$Delegate$CloneableDelegate done
Event: 27.793 Loading class sun/security/provider/ByteArrayAccess$LE
Event: 27.793 Loading class sun/security/provider/ByteArrayAccess$LE done
Event: 27.796 Loading class sun/security/provider/ByteArrayAccess
Event: 27.796 Loading class sun/security/provider/ByteArrayAccess done
Event: 27.797 Loading class java/util/Base64
Event: 27.798 Loading class java/util/Base64 done
Event: 27.798 Loading class java/util/Base64$Encoder
Event: 27.798 Loading class java/util/Base64$Encoder done
Event: 28.780 Loading class java/lang/TypeNotPresentException
Event: 28.781 Loading class java/lang/TypeNotPresentException done
Event: 28.927 Loading class java/util/concurrent/ConcurrentHashMap$KeyIterator
Event: 28.929 Loading class java/util/concurrent/ConcurrentHashMap$KeyIterator done
Event: 29.103 Loading class java/util/Vector$Itr
Event: 29.103 Loading class java/util/Vector$Itr done

Classes unloaded (0 events):
No events

Classes redefined (0 events):
No events

Internal exceptions (20 events):
Event: 27.921 Thread 0x0000024b66de4300 Exception <a 'java/lang/NoSuchMethodError'{0x0000000091e00d50}: 'java.lang.Object java.lang.invoke.DirectMethodHandle$Holder.newInvokeSpecial(java.lang.Object, java.lang.Object, int, java.lang.Object)'> (0x0000000091e00d50) 
thrown [s\src\hotspot\share\interpreter\linkResolver.cpp, line 784]
Event: 27.921 Thread 0x0000024b66de4300 Exception <a 'java/lang/NoSuchMethodError'{0x0000000091e052e8}: 'java.lang.Object java.lang.invoke.DirectMethodHandle$Holder.invokeSpecial(java.lang.Object, java.lang.Object, java.lang.Object, int, java.lang.Object)'> (0x0000000091e052e8) 
thrown [s\src\hotspot\share\interpreter\linkResolver.cpp, line 784]
Event: 27.921 Thread 0x0000024b66de4300 Exception <a 'java/lang/NoSuchMethodError'{0x0000000091e09218}: 'java.lang.Object java.lang.invoke.Invokers$Holder.linkToTargetMethod(java.lang.Object, int, java.lang.Object, java.lang.Object)'> (0x0000000091e09218) 
thrown [s\src\hotspot\share\interpreter\linkResolver.cpp, line 784]
Event: 27.945 Thread 0x0000024b66de4300 Exception <a 'java/lang/NoSuchMethodError'{0x0000000091ec50b8}: 'java.lang.Object java.lang.invoke.DirectMethodHandle$Holder.invokeStatic(java.lang.Object, java.lang.Object, java.lang.Object, java.lang.Object, java.lang.Object, java.lang.Object, java.lang.Object, int, java.lang.Object, java.lang.Object)'> (0x0000000091ec50b8) 
thrown [s\src\hotspot\share\interpreter\linkResolver.cpp, line 784]
Event: 27.951 Thread 0x0000024b66de4300 Implicit null exception at 0x0000024b7457711e to 0x0000024b74577350
Event: 27.951 Thread 0x0000024b66de4300 Implicit null exception at 0x0000024b7452c260 to 0x0000024b7452c349
Event: 27.951 Thread 0x0000024b66de4300 Implicit null exception at 0x0000024b74229760 to 0x0000024b74229849
Event: 28.909 Thread 0x0000024b66de4300 Exception <a 'java/lang/NoSuchMethodError'{0x0000000094404110}: 'java.lang.Object java.lang.invoke.DirectMethodHandle$Holder.invokeStatic(java.lang.Object, int, int)'> (0x0000000094404110) 
thrown [s\src\hotspot\share\interpreter\linkResolver.cpp, line 784]
Event: 29.079 Thread 0x0000024b66de4300 Exception <a 'java/lang/NoSuchMethodError'{0x00000000940337f8}: 'java.lang.Object java.lang.invoke.DirectMethodHandle$Holder.newInvokeSpecial(java.lang.Object, java.lang.Object, java.lang.Object, java.lang.Object, java.lang.Object, int, java.lang.Object)'> (0x00000000940337f8) 
thrown [s\src\hotspot\share\interpreter\linkResolver.cpp, line 784]
Event: 29.079 Thread 0x0000024b66de4300 Exception <a 'java/lang/NoSuchMethodError'{0x00000000940379a8}: 'java.lang.Object java.lang.invoke.DirectMethodHandle$Holder.invokeSpecial(java.lang.Object, java.lang.Object, java.lang.Object, java.lang.Object, java.lang.Object, java.lang.Object, int, java.lang.Object)'> (0x00000000940379a8) 
thrown [s\src\hotspot\share\interpreter\linkResolver.cpp, line 784]
Event: 29.079 Thread 0x0000024b66de4300 Exception <a 'java/lang/NoSuchMethodError'{0x000000009403b118}: 'java.lang.Object java.lang.invoke.Invokers$Holder.linkToTargetMethod(java.lang.Object, java.lang.Object, java.lang.Object, java.lang.Object, int, java.lang.Object, java.lang.Object)'> (0x000000009403b118) 
thrown [s\src\hotspot\share\interpreter\linkResolver.cpp, line 784]
Event: 29.176 Thread 0x0000024b66de4300 Exception <a 'java/lang/NoSuchMethodError'{0x0000000093ecce88}: 'java.lang.Object java.lang.invoke.DirectMethodHandle$Holder.newInvokeSpecial(java.lang.Object, java.lang.Object, java.lang.Object, java.lang.Object, int, java.lang.Object)'> (0x0000000093ecce88) 
thrown [s\src\hotspot\share\interpreter\linkResolver.cpp, line 784]
Event: 29.177 Thread 0x0000024b66de4300 Exception <a 'java/lang/NoSuchMethodError'{0x0000000093ed1118}: 'java.lang.Object java.lang.invoke.DirectMethodHandle$Holder.invokeSpecial(java.lang.Object, java.lang.Object, java.lang.Object, java.lang.Object, java.lang.Object, int, java.lang.Object)'> (0x0000000093ed1118) 
thrown [s\src\hotspot\share\interpreter\linkResolver.cpp, line 784]
Event: 29.177 Thread 0x0000024b66de4300 Exception <a 'java/lang/NoSuchMethodError'{0x0000000093ed4cf0}: 'java.lang.Object java.lang.invoke.Invokers$Holder.linkToTargetMethod(java.lang.Object, java.lang.Object, java.lang.Object, int, java.lang.Object, java.lang.Object)'> (0x0000000093ed4cf0) 
thrown [s\src\hotspot\share\interpreter\linkResolver.cpp, line 784]
Event: 29.819 Thread 0x0000024b66de4300 Exception <a 'java/lang/NoSuchMethodError'{0x0000000092d334e8}: 'java.lang.Object java.lang.invoke.DirectMethodHandle$Holder.invokeStatic(java.lang.Object, java.lang.Object, java.lang.Object, java.lang.Object, java.lang.Object, int)'> (0x0000000092d334e8) 
thrown [s\src\hotspot\share\interpreter\linkResolver.cpp, line 784]
Event: 29.835 Thread 0x0000024b66de4300 Exception <a 'java/lang/NoSuchMethodError'{0x0000000092df9b68}: 'java.lang.Object java.lang.invoke.DirectMethodHandle$Holder.newInvokeSpecial(java.lang.Object, int, int, java.lang.Object)'> (0x0000000092df9b68) 
thrown [s\src\hotspot\share\interpreter\linkResolver.cpp, line 784]
Event: 29.837 Thread 0x0000024b66de4300 Exception <a 'java/lang/NoSuchMethodError'{0x0000000092c0a4d8}: 'java.lang.Object java.lang.invoke.DirectMethodHandle$Holder.invokeStatic(java.lang.Object, java.lang.Object, int, int, java.lang.Object)'> (0x0000000092c0a4d8) 
thrown [s\src\hotspot\share\interpreter\linkResolver.cpp, line 784]
Event: 29.896 Thread 0x0000024b66de4300 Implicit null exception at 0x0000024b746fcc41 to 0x0000024b746fcf24
Event: 29.943 Thread 0x0000024b66de4300 Implicit null exception at 0x0000024b7470d390 to 0x0000024b7470d6d0
Event: 31.924 Thread 0x0000024b66de4300 Implicit null exception at 0x0000024b74479cda to 0x0000024b7447adb0

ZGC Phase Switch (0 events):
No events

VM Operations (20 events):
Event: 30.974 Executing VM operation: ICBufferFull done
Event: 31.240 Executing VM operation: ICBufferFull
Event: 31.240 Executing VM operation: ICBufferFull done
Event: 31.319 Executing VM operation: G1CollectForAllocation (G1 Evacuation Pause)
Event: 31.327 Executing VM operation: G1CollectForAllocation (G1 Evacuation Pause) done
Event: 31.547 Executing VM operation: ICBufferFull
Event: 31.547 Executing VM operation: ICBufferFull done
Event: 31.595 Executing VM operation: HandshakeAllThreads (Deoptimize)
Event: 31.595 Executing VM operation: HandshakeAllThreads (Deoptimize) done
Event: 31.816 Executing VM operation: HandshakeAllThreads (Deoptimize)
Event: 31.816 Executing VM operation: HandshakeAllThreads (Deoptimize) done
Event: 31.874 Executing VM operation: ICBufferFull
Event: 31.875 Executing VM operation: ICBufferFull done
Event: 31.897 Executing VM operation: G1CollectForAllocation (G1 Evacuation Pause)
Event: 31.918 Executing VM operation: G1CollectForAllocation (G1 Evacuation Pause) done
Event: 32.295 Executing VM operation: ICBufferFull
Event: 32.295 Executing VM operation: ICBufferFull done
Event: 32.598 Executing VM operation: G1CollectForAllocation (G1 Evacuation Pause)
Event: 32.619 Executing VM operation: G1CollectForAllocation (G1 Evacuation Pause) done
Event: 32.735 Executing VM operation: G1PauseRemark

Memory protections (0 events):
No events

Nmethod flushes (20 events):
Event: 32.753 Thread 0x0000024b00c9e2b0 flushing  nmethod 0x0000024b6fe87d90
Event: 32.753 Thread 0x0000024b00c9e2b0 flushing  nmethod 0x0000024b6fe88890
Event: 32.753 Thread 0x0000024b00c9e2b0 flushing  nmethod 0x0000024b6fe89210
Event: 32.753 Thread 0x0000024b00c9e2b0 flushing  nmethod 0x0000024b6fe8a710
Event: 32.753 Thread 0x0000024b00c9e2b0 flushing  nmethod 0x0000024b6fea4310
Event: 32.753 Thread 0x0000024b00c9e2b0 flushing  nmethod 0x0000024b6fea4a90
Event: 32.753 Thread 0x0000024b00c9e2b0 flushing  nmethod 0x0000024b6fea4e10
Event: 32.753 Thread 0x0000024b00c9e2b0 flushing  nmethod 0x0000024b6feb9d10
Event: 32.753 Thread 0x0000024b00c9e2b0 flushing  nmethod 0x0000024b6febc210
Event: 32.753 Thread 0x0000024b00c9e2b0 flushing  nmethod 0x0000024b6ff8a990
Event: 32.753 Thread 0x0000024b00c9e2b0 flushing  nmethod 0x0000024b6ff90110
Event: 32.753 Thread 0x0000024b00c9e2b0 flushing  nmethod 0x0000024b6ff90f10
Event: 32.753 Thread 0x0000024b00c9e2b0 flushing  nmethod 0x0000024b6ffb4d10
Event: 32.753 Thread 0x0000024b00c9e2b0 flushing  nmethod 0x0000024b6ffc8910
Event: 32.753 Thread 0x0000024b00c9e2b0 flushing  nmethod 0x0000024b70028a10
Event: 32.753 Thread 0x0000024b00c9e2b0 flushing  nmethod 0x0000024b7002fc90
Event: 32.753 Thread 0x0000024b00c9e2b0 flushing  nmethod 0x0000024b70038290
Event: 32.753 Thread 0x0000024b00c9e2b0 flushing  nmethod 0x0000024b700bb810
Event: 32.753 Thread 0x0000024b00c9e2b0 flushing  nmethod 0x0000024b70108990
Event: 32.753 Thread 0x0000024b00c9e2b0 flushing  nmethod 0x0000024b7018ca10

Events (20 events):
Event: 0.117 Loaded shared library C:\Program Files\Android\Android Studio1\jbr\bin\net.dll
Event: 0.122 Loaded shared library C:\Program Files\Android\Android Studio1\jbr\bin\nio.dll
Event: 0.140 Thread 0x0000024b050a7a90 Thread added: 0x0000024b0530d9d0
Event: 0.140 Thread 0x0000024b050a7a90 Thread added: 0x0000024b0530e080
Event: 0.150 Loaded shared library C:\Program Files\Android\Android Studio1\jbr\bin\zip.dll
Event: 0.196 Loaded shared library C:\Program Files\Android\Android Studio1\jbr\bin\jimage.dll
Event: 0.701 Thread 0x0000024b0530e080 Thread exited: 0x0000024b0530e080
Event: 2.274 Thread 0x0000024b0530d9d0 Thread exited: 0x0000024b0530d9d0
Event: 2.464 Thread 0x0000024b050b2500 Thread added: 0x0000024b072fa470
Event: 3.081 Thread 0x0000024b072fa470 Thread exited: 0x0000024b072fa470
Event: 5.722 Thread 0x0000024b050a7a90 Thread added: 0x0000024b07e27440
Event: 7.480 Thread 0x0000024b050b2500 Thread added: 0x0000024b0b8a5680
Event: 12.266 Thread 0x0000024b0b8a5680 Thread exited: 0x0000024b0b8a5680
Event: 12.345 Thread 0x0000024b07e27440 Thread exited: 0x0000024b07e27440
Event: 25.790 Thread 0x0000024b050b2500 Thread added: 0x0000024b140a2800
Event: 27.714 Thread 0x0000024b050b2500 Thread added: 0x0000024b140a4340
Event: 28.893 Thread 0x0000024b140a4340 Thread exited: 0x0000024b140a4340
Event: 28.912 Thread 0x0000024b140a2800 Thread exited: 0x0000024b140a2800
Event: 29.026 Thread 0x0000024b050b2500 Thread added: 0x0000024b090a95c0
Event: 29.396 Thread 0x0000024b050b2500 Thread added: 0x0000024b090ad9e0


Dynamic libraries:
0x00007ff7cbfb0000 - 0x00007ff7cbfba000 	C:\Program Files\Android\Android Studio1\jbr\bin\java.exe
0x00007ffc80820000 - 0x00007ffc80a87000 	C:\WINDOWS\SYSTEM32\ntdll.dll
0x00007ffc7f920000 - 0x00007ffc7f9e9000 	C:\WINDOWS\System32\KERNEL32.DLL
0x00007ffc7d950000 - 0x00007ffc7dd41000 	C:\WINDOWS\System32\KERNELBASE.dll
0x00007ffc7d800000 - 0x00007ffc7d94b000 	C:\WINDOWS\System32\ucrtbase.dll
0x00007ffc53a30000 - 0x00007ffc53a4b000 	C:\Program Files\Android\Android Studio1\jbr\bin\VCRUNTIME140.dll
0x00007ffc53cf0000 - 0x00007ffc53d08000 	C:\Program Files\Android\Android Studio1\jbr\bin\jli.dll
0x00007ffc7e840000 - 0x00007ffc7ea05000 	C:\WINDOWS\System32\USER32.dll
0x00007ffc618a0000 - 0x00007ffc61b33000 	C:\WINDOWS\WinSxS\amd64_microsoft.windows.common-controls_6595b64144ccf1df_6.0.26100.8037_none_3e092faae333b53b\COMCTL32.dll
0x00007ffc7d4e0000 - 0x00007ffc7d507000 	C:\WINDOWS\System32\win32u.dll
0x00007ffc7fc10000 - 0x00007ffc7fcb9000 	C:\WINDOWS\System32\msvcrt.dll
0x00007ffc7f610000 - 0x00007ffc7f63b000 	C:\WINDOWS\System32\GDI32.dll
0x00007ffc7d270000 - 0x00007ffc7d39b000 	C:\WINDOWS\System32\gdi32full.dll
0x00007ffc7d3a0000 - 0x00007ffc7d443000 	C:\WINDOWS\System32\msvcp_win.dll
0x00007ffc7eca0000 - 0x00007ffc7ecd1000 	C:\WINDOWS\System32\IMM32.DLL
0x00007ffc78600000 - 0x00007ffc7860c000 	C:\Program Files\Android\Android Studio1\jbr\bin\vcruntime140_1.dll
0x00007ffc40ac0000 - 0x00007ffc40b4d000 	C:\Program Files\Android\Android Studio1\jbr\bin\msvcp140.dll
0x00007ffc08e80000 - 0x00007ffc09b16000 	C:\Program Files\Android\Android Studio1\jbr\bin\server\jvm.dll
0x00007ffc7ebe0000 - 0x00007ffc7ec9b000 	C:\WINDOWS\System32\ADVAPI32.dll
0x00007ffc7eb30000 - 0x00007ffc7ebd7000 	C:\WINDOWS\System32\sechost.dll
0x00007ffc7ea10000 - 0x00007ffc7eb28000 	C:\WINDOWS\System32\RPCRT4.dll
0x00007ffc7fb10000 - 0x00007ffc7fb84000 	C:\WINDOWS\System32\WS2_32.dll
0x00007ffc74fd0000 - 0x00007ffc75005000 	C:\WINDOWS\SYSTEM32\WINMM.dll
0x00007ffc7cf60000 - 0x00007ffc7cfbe000 	C:\WINDOWS\SYSTEM32\POWRPROF.dll
0x00007ffc6da30000 - 0x00007ffc6da3b000 	C:\WINDOWS\SYSTEM32\VERSION.dll
0x00007ffc7cf40000 - 0x00007ffc7cf54000 	C:\WINDOWS\SYSTEM32\UMPDC.dll
0x00007ffc7be50000 - 0x00007ffc7be6b000 	C:\WINDOWS\SYSTEM32\kernel.appcore.dll
0x00007ffc781d0000 - 0x00007ffc781da000 	C:\Program Files\Android\Android Studio1\jbr\bin\jimage.dll
0x00007ffc7b080000 - 0x00007ffc7b2c2000 	C:\WINDOWS\SYSTEM32\DBGHELP.DLL
0x00007ffc803c0000 - 0x00007ffc80742000 	C:\WINDOWS\System32\combase.dll
0x00007ffc7f450000 - 0x00007ffc7f527000 	C:\WINDOWS\System32\OLEAUT32.dll
0x00007ffc53d90000 - 0x00007ffc53dcb000 	C:\WINDOWS\SYSTEM32\dbgcore.DLL
0x00007ffc7d690000 - 0x00007ffc7d735000 	C:\WINDOWS\System32\bcryptPrimitives.dll
0x00007ffc4e0f0000 - 0x00007ffc4e110000 	C:\Program Files\Android\Android Studio1\jbr\bin\java.dll
0x00007ffc4bbf0000 - 0x00007ffc4bc08000 	C:\Program Files\Android\Android Studio1\jbr\bin\zip.dll
0x00007ffc7ece0000 - 0x00007ffc7f43f000 	C:\WINDOWS\System32\SHELL32.dll
0x00007ffc7d100000 - 0x00007ffc7d26a000 	C:\WINDOWS\System32\wintypes.dll
0x00007ffc7dd50000 - 0x00007ffc7e5b4000 	C:\WINDOWS\System32\windows.storage.dll
0x00007ffc7fa10000 - 0x00007ffc7fb07000 	C:\WINDOWS\System32\SHCORE.dll
0x00007ffc7e5f0000 - 0x00007ffc7e657000 	C:\WINDOWS\System32\shlwapi.dll
0x00007ffc7d020000 - 0x00007ffc7d049000 	C:\WINDOWS\SYSTEM32\profapi.dll
0x00007ffc78050000 - 0x00007ffc78060000 	C:\Program Files\Android\Android Studio1\jbr\bin\net.dll
0x00007ffc743c0000 - 0x00007ffc744e7000 	C:\WINDOWS\SYSTEM32\WINHTTP.dll
0x00007ffc7c3a0000 - 0x00007ffc7c40b000 	C:\WINDOWS\system32\mswsock.dll
0x00007ffc4bab0000 - 0x00007ffc4bac6000 	C:\Program Files\Android\Android Studio1\jbr\bin\nio.dll
0x00007ffc54730000 - 0x00007ffc54740000 	C:\Program Files\Android\Android Studio1\jbr\bin\verify.dll

JVMTI agents: none

dbghelp: loaded successfully - version: 4.0.5 - missing functions: none
symbol engine: initialized successfully - sym options: 0x614 - pdb path: .;C:\Program Files\Android\Android Studio1\jbr\bin;C:\WINDOWS\SYSTEM32;C:\WINDOWS\WinSxS\amd64_microsoft.windows.common-controls_6595b64144ccf1df_6.0.26100.8037_none_3e092faae333b53b;C:\Program Files\Android\Android Studio1\jbr\bin\server

VM Arguments:
java_command: org.jetbrains.kotlin.cli.jvm.K2JVMCompiler @D:\College\Graduation Project\DEMO-MALLAR1\app\build\20260411_8946458315895825280.compiler.options
java_class_path (initial): C:\Users\Asus\.gradle\caches\modules-2\files-2.1\org.jetbrains.kotlin\kotlin-compiler-embeddable\2.0.21\79346ed53db48b18312a472602eb5c057070c54d\kotlin-compiler-embeddable-2.0.21.jar;C:\Users\Asus\.gradle\caches\modules-2\files-2.1\org.jetbrains.kotlin\kotlin-stdlib\2.0.21\618b539767b4899b4660a83006e052b63f1db551\kotlin-stdlib-2.0.21.jar;C:\Users\Asus\.gradle\caches\modules-2\files-2.1\org.jetbrains.kotlin\kotlin-script-runtime\2.0.21\c9b044380ad41f89aa89aa896c2d32a8c0b2129d\kotlin-script-runtime-2.0.21.jar;C:\Users\Asus\.gradle\caches\modules-2\files-2.1\org.jetbrains.kotlin\kotlin-reflect\1.6.10\1cbe9c92c12a94eea200d23c2bbaedaf3daf5132\kotlin-reflect-1.6.10.jar;C:\Users\Asus\.gradle\caches\modules-2\files-2.1\org.jetbrains.kotlin\kotlin-daemon-embeddable\2.0.21\c9e933b23287de9b5a17e2116b4657bb91aea72c\kotlin-daemon-embeddable-2.0.21.jar;C:\Users\Asus\.gradle\caches\modules-2\files-2.1\org.jetbrains.intellij.deps\trove4j\1.0.20200330\3afb14d5f9ceb459d724e907a21145e8ff394f02\trove4j-1.0.20200330.jar;C:\Users\Asus\.gradle\caches\modules-2\files-2.1\org.jetbrains.kotlinx\kotlinx-coroutines-core-jvm\1.6.4\2c997cd1c0ef33f3e751d3831929aeff1390cb30\kotlinx-coroutines-core-jvm-1.6.4.jar;C:\Users\Asus\.gradle\caches\modules-2\files-2.1\org.jetbrains\annotations\13.0\919f0dfe192fb4e063e7dacadee7f8bb9a2672a9\annotations-13.0.jar
Launcher Type: SUN_STANDARD

[Global flags]
     intx CICompilerCount                          = 4                                         {product} {ergonomic}
     uint ConcGCThreads                            = 3                                         {product} {ergonomic}
     uint G1ConcRefinementThreads                  = 10                                        {product} {ergonomic}
   size_t G1HeapRegionSize                         = 1048576                                   {product} {ergonomic}
    uintx GCDrainStackTargetSize                   = 64                                        {product} {ergonomic}
   size_t InitialHeapSize                          = 130023424                                 {product} {ergonomic}
   size_t MarkStackSize                            = 4194304                                   {product} {ergonomic}
   size_t MaxHeapSize                              = 2051014656                                {product} {ergonomic}
   size_t MaxNewSize                               = 1229979648                                {product} {ergonomic}
   size_t MinHeapDeltaBytes                        = 1048576                                   {product} {ergonomic}
   size_t MinHeapSize                              = 8388608                                   {product} {ergonomic}
    uintx NonNMethodCodeHeapSize                   = 5839372                                {pd product} {ergonomic}
    uintx NonProfiledCodeHeapSize                  = 122909434                              {pd product} {ergonomic}
    uintx ProfiledCodeHeapSize                     = 122909434                              {pd product} {ergonomic}
    uintx ReservedCodeCacheSize                    = 251658240                              {pd product} {ergonomic}
     bool SegmentedCodeCache                       = true                                      {product} {ergonomic}
   size_t SoftMaxHeapSize                          = 2051014656                             {manageable} {ergonomic}
     bool UseCompressedOops                        = true                           {product lp64_product} {ergonomic}
     bool UseG1GC                                  = true                                      {product} {ergonomic}
     bool UseLargePagesIndividualAllocation        = false                                  {pd product} {ergonomic}

Logging:
Log output configuration:
 #0: stdout all=warning uptime,level,tags foldmultilines=false
 #1: stderr all=off uptime,level,tags foldmultilines=false

Release file:
JAVA_VERSION="21.0.9" 
MODULES="java.base java.compiler java.datatransfer java.xml java.prefs java.desktop java.instrument java.logging java.management java.security.sasl java.naming java.rmi java.management.rmi java.net.http java.scripting java.security.jgss java.transaction.xa java.sql java.sql.rowset java.xml.crypto java.se java.smartcardio jdk.accessibility jdk.internal.jvmstat jdk.attach jdk.charsets jdk.internal.opt jdk.zipfs jdk.compiler jdk.crypto.ec jdk.crypto.cryptoki jdk.dynalink jdk.hotspot.agent jdk.httpserver jdk.internal.ed jdk.internal.le jdk.internal.vm.ci jdk.jartool jdk.javadoc jdk.jcmd jdk.jdeps jdk.jdwp.agent jdk.jdi jdk.jfr jdk.jlink jdk.jsobject jdk.localedata jdk.management jdk.management.agent jdk.management.jfr jdk.naming.dns jdk.naming.rmi jdk.net jdk.sctp jdk.security.auth jdk.security.jgss jdk.unsupported jdk.unsupported.desktop jdk.xml.dom" 
IMPLEMENTOR="JetBrains s.r.o." 
JAVA_RUNTIME_VERSION="21.0.9+-14787801-b1163.94" 
LIBC="default" 
OS_ARCH="x86_64" 
OS_NAME="Windows" 
SOURCE=".:git:0c757ddc9f2f" 

Environment Variables:
PATH=C:\Program Files\Eclipse Adoptium\jdk-17.0.18.8-hotspot\bin;C:\Program Files\Common Files\Oracle\Java\javapath;C:\WINDOWS\system32;C:\WINDOWS;C:\WINDOWS\System32\Wbem;C:\WINDOWS\System32\WindowsPowerShell\v1.0\;C:\WINDOWS\System32\OpenSSH\;C:\Program Files\Java\jdk-23\bin;C:\wamp64\bin\php\php7.4.33;C:\ProgramData\ComposerSetup\bin;C:\Program Files\Microsoft SQL Server\150\Tools\Binn\;C:\Program Files\Microsoft SQL Server\Client SDK\ODBC\170\Tools\Binn\;C:\Program Files\dotnet\;C:\Program Files (x86)\Microsoft SQL Server\160\Tools\Binn\;C:\Program Files\Microsoft SQL Server\160\Tools\Binn\;C:\Program Files\Microsoft SQL Server\160\DTS\Binn\;C:\Program Files\CMake\bin;C:\Program Files\Cloudflare\Cloudflare WARP\;C:\Program Files\Git\cmd;C:\Users\Asus\AppData\Local\Programs\Python\Python310\Scripts\;C:\Users\Asus\AppData\Local\Programs\Python\Python310\;C:\Users\Asus\AppData\Local\Programs\Python\Python313\Scripts\;C:\Users\Asus\AppData\Local\Programs\Python\Python313\;C:\Users\Asus\AppData\Local\Programs\Python\Launcher\;C:\Users\Asus\AppData\Local\Microsoft\WindowsApps;C:\Users\Asus\AppData\Local\Programs\Microsoft VS Code\bin;C:\Program Files\JetBrains\IntelliJ IDEA Community Edition 2024.3.4.1\bin;;C:\Users\Asus\AppData\Roaming\Composer\vendor\bin;C:\Users\Asus\.dotnet\tools;C:\Flutter\bin;C:\Users\Asus\AppData\Local\Programs\Antigravity\bin
USERNAME=Asus
OS=Windows_NT
PROCESSOR_IDENTIFIER=Intel64 Family 6 Model 186 Stepping 3, GenuineIntel
TMP=C:\Users\Asus\AppData\Local\Temp
TEMP=C:\Users\Asus\AppData\Local\Temp




Periodic native trim disabled

JNI global refs:
JNI global refs: 13, weak refs: 6

JNI global refs memory usage: 835, weak refs: 833

Process memory usage:
Resident Set Size: 546712K (6% of 8004760K total physical memory with 756532K free physical memory)

OOME stack traces (most recent first):
Classloader memory used:
Loader jdk.internal.loader.ClassLoaders$AppClassLoader                                 : 83550K
Loader bootstrap                                                                       : 12062K
Loader java.net.URLClassLoader                                                         : 2519K

---------------  S Y S T E M  ---------------

OS:
 Windows 11 , 64 bit Build 26100 (10.0.26100.7920)
OS uptime: 0 days 4:51 hours
Hyper-V role detected

CPU: total 12 (initial active 12) (6 cores per cpu, 2 threads per core) family 6 model 186 stepping 3 microcode 0x410e, cx8, cmov, fxsr, ht, mmx, 3dnowpref, sse, sse2, sse3, ssse3, sse4.1, sse4.2, popcnt, lzcnt, tsc, tscinvbit, avx, avx2, aes, erms, clmul, bmi1, bmi2, adx, sha, fma, vzeroupper, clflush, clflushopt, clwb, hv, serialize, rdtscp, rdpid, fsrm, f16c, cet_ibt, cet_ss
Processor Information for processor 0
  Max Mhz: 1300, Current Mhz: 1300, Mhz Limit: 1300
Processor Information for processor 1
  Max Mhz: 1300, Current Mhz: 1300, Mhz Limit: 1300
Processor Information for processor 2
  Max Mhz: 1300, Current Mhz: 1300, Mhz Limit: 1300
Processor Information for processor 3
  Max Mhz: 1300, Current Mhz: 1300, Mhz Limit: 1300
Processor Information for processor 4
  Max Mhz: 1300, Current Mhz: 900, Mhz Limit: 897
Processor Information for processor 5
  Max Mhz: 1300, Current Mhz: 900, Mhz Limit: 897
Processor Information for processor 6
  Max Mhz: 1300, Current Mhz: 900, Mhz Limit: 897
Processor Information for processor 7
  Max Mhz: 1300, Current Mhz: 900, Mhz Limit: 897
Processor Information for processor 8
  Max Mhz: 1300, Current Mhz: 900, Mhz Limit: 897
Processor Information for processor 9
  Max Mhz: 1300, Current Mhz: 900, Mhz Limit: 897
Processor Information for processor 10
  Max Mhz: 1300, Current Mhz: 900, Mhz Limit: 897
Processor Information for processor 11
  Max Mhz: 1300, Current Mhz: 900, Mhz Limit: 897

Memory: 4k page, system-wide physical 7817M (730M free)
TotalPageFile size 16009M (AvailPageFile size 34M)
current process WorkingSet (physical memory assigned to process): 534M, peak: 534M
current process commit charge ("private bytes"): 619M, peak: 645M

vm_info: OpenJDK 64-Bit Server VM (21.0.9+-14787801-b1163.94) for windows-amd64 JRE (21.0.9+-14787801-b1163.94), built on 2026-01-27T21:15:44Z by "builder" with MS VC++ 16.10 / 16.11 (VS2019)

END.
